<?xml version="1.0" encoding="utf-8"?><testsuites name="pytest tests"><testsuite name="pytest" errors="0" failures="0" skipped="0" tests="4" time="1.218" timestamp="2026-09-04T20:40:49.778849+00:00" hostname="agent-env-b7584eb9-a7d8-4562-b60c-b8a0277a3718"><testcase classname="tests.test_bundles.TestOrderBundleDiscount" name="test_pack_standard_order_price_matches_bundle" time="0.889" /><testcase classname="tests.test_bundles.TestBundles" name="test_all_bundles" time="0.274" /><testcase classname="tests.test_bundles.TestBundles" name="test_visa_30_bundles" time="0.041" /><testcase classname="tests.test_bundles.TestBundles" name="test_visa_60_bundles" time="0.090" /></testsuite></testsuites>