<?xml version="1.0" encoding="utf-8"?><testsuites name="pytest tests"><testsuite name="pytest" errors="0" failures="0" skipped="0" tests="8" time="5.420" timestamp="2026-09-04T18:47:37.373878+00:00" hostname="agent-env-b7584eb9-a7d8-4562-b60c-b8a0277a3718"><testcase classname="tests.test_insurance_automation" name="test_insurance_products" time="0.342" /><testcase classname="tests.test_insurance_automation" name="test_insurance_report" time="0.325" /><testcase classname="tests.test_insurance_automation" name="test_update_product_recomputes_margin" time="0.192" /><testcase classname="tests.test_insurance_automation" name="test_task_created_on_paid" time="1.588" /><testcase classname="tests.test_insurance_automation" name="test_paid_idempotent" time="0.395" /><testcase classname="tests.test_insurance_automation" name="test_pending_email_and_notification" time="0.049" /><testcase classname="tests.test_insurance_automation" name="test_issue_policy" time="1.233" /><testcase classname="tests.test_insurance_automation" name="test_esim_only_no_task" time="0.966" /></testsuite></testsuites>