<?xml version="1.0" encoding="utf-8"?><testsuites name="pytest tests"><testsuite name="pytest" errors="0" failures="0" skipped="0" tests="16" time="6.627" timestamp="2026-09-07T20:44:05.532799+00:00" hostname="agent-env-0bc33a23-c66c-47a6-b7c1-d45cf7e959b6"><testcase classname="tests.test_iteration_116_refactor.TestHealthLifespan" name="test_health_ok" time="0.219" /><testcase classname="tests.test_iteration_116_refactor.TestHealthLifespan" name="test_backend_log_no_nameerror" time="0.001" /><testcase classname="tests.test_iteration_116_refactor.TestHealthLifespan" name="test_all_7_schedulers_started" time="0.002" /><testcase classname="tests.test_iteration_116_refactor.TestInsuranceOrderFlow" name="test_missing_insured_400" time="0.033" /><testcase classname="tests.test_iteration_116_refactor.TestInsuranceOrderFlow" name="test_missing_travel_start_400" time="0.030" /><testcase classname="tests.test_iteration_116_refactor.TestInsuranceOrderFlow" name="test_valid_order_200" time="2.147" /><testcase classname="tests.test_iteration_116_refactor.TestManualIssuePolicy" name="test_mark_paid_and_queue_task" time="1.134" /><testcase classname="tests.test_iteration_116_refactor.TestManualIssuePolicy" name="test_manual_issue_endpoint" time="0.236" /><testcase classname="tests.test_iteration_116_refactor.TestAccountDocuments" name="test_list_documents" time="0.260" /><testcase classname="tests.test_iteration_116_refactor.TestAccountDocuments" name="test_resend_document" time="0.215" /><testcase classname="tests.test_iteration_116_refactor.TestAccountDocuments" name="test_resend_invalid_404" time="0.031" /><testcase classname="tests.test_iteration_116_refactor.TestProviderPanel" name="test_provider_status" time="0.031" /><testcase classname="tests.test_iteration_116_refactor.TestProviderPanel" name="test_sync_prices" time="2.129" /><testcase classname="tests.test_iteration_116_refactor.TestDailyDigest" name="test_digest_preview_and_html" time="0.041" /><testcase classname="tests.test_iteration_116_refactor.TestDailyDigest" name="test_admin_today" time="0.032" /><testcase classname="tests.test_iteration_116_refactor.TestSenderIdentity" name="test_sender_identity_extracted" time="0.001" /></testsuite></testsuites>