<?xml version="1.0" encoding="utf-8"?><testsuites name="pytest tests"><testsuite name="pytest" errors="0" failures="0" skipped="0" tests="18" time="11.151" timestamp="2026-09-07T08:53:05.690467+00:00" hostname="agent-env-2b6e9e28-d8b5-43c2-8486-5b83857d1b72"><testcase classname="tests.test_iteration_105_refactor_regression.TestGeneralRegression" name="test_visa_types" time="0.128" /><testcase classname="tests.test_iteration_105_refactor_regression.TestGeneralRegression" name="test_content_site" time="0.275" /><testcase classname="tests.test_iteration_105_refactor_regression.TestGeneralRegression" name="test_bundles_visa_days_30_includes_pack_family" time="0.060" /><testcase classname="tests.test_iteration_105_refactor_regression.TestGeneralRegression" name="test_contact_endpoint" time="0.431" /><testcase classname="tests.test_iteration_105_refactor_regression.TestGeneralRegression" name="test_admin_applications_list" time="0.067" /><testcase classname="tests.test_iteration_105_refactor_regression.TestGeneralRegression" name="test_admin_orders_list" time="0.047" /><testcase classname="tests.test_iteration_105_refactor_regression.TestApplicationLifecycle" name="test_application_created_ok" time="1.581" /><testcase classname="tests.test_iteration_105_refactor_regression.TestApplicationLifecycle" name="test_application_track" time="0.093" /><testcase classname="tests.test_iteration_105_refactor_regression.TestApplicationLifecycle" name="test_admin_patch_status_reviewing" time="0.478" /><testcase classname="tests.test_iteration_105_refactor_regression.TestOrderDelivery" name="test_deliver_requires_at_least_one_file" time="0.801" /><testcase classname="tests.test_iteration_105_refactor_regression.TestOrderDelivery" name="test_deliver_single_file" time="0.763" /><testcase classname="tests.test_iteration_105_refactor_regression.TestApplicationLifecycle" name="test_admin_patch_status_approved_whatsapp_swallowed" time="0.398" /><testcase classname="tests.test_iteration_105_refactor_regression.TestPhotoCheck" name="test_photo_check_happy_path" time="2.447" /><testcase classname="tests.test_iteration_105_refactor_regression.TestOrderDelivery" name="test_deliver_both_files_two_links" time="8.220" /><testcase classname="tests.test_iteration_105_refactor_regression.TestPhotoCheck" name="test_photo_check_pdf_returns_early" time="3.190" /><testcase classname="tests.test_iteration_105_refactor_regression.TestPhotoCheck" name="test_photo_check_nonexistent_404" time="0.072" /><testcase classname="tests.test_iteration_105_refactor_regression.TestNoStaleDomain" name="test_no_stale_domain_in_prod_modules" time="0.005" /><testcase classname="tests.test_iteration_105_refactor_regression.TestNoStaleDomain" name="test_public_base_url_configured" time="0.001" /></testsuite></testsuites>