<?xml version="1.0" encoding="utf-8"?><testsuites name="pytest tests"><testsuite name="pytest" errors="0" failures="0" skipped="0" tests="32" time="9.535" timestamp="2026-09-07T09:13:32.735374+00:00" hostname="agent-env-2b6e9e28-d8b5-43c2-8486-5b83857d1b72"><testcase classname="tests.test_iteration_106_refactor_regression.TestNeighbouringRegression" name="test_visa_types" time="0.115" /><testcase classname="tests.test_iteration_106_refactor_regression.TestTravelRuleValidation" name="test_a_missing_arrival_date" time="0.106" /><testcase classname="tests.test_iteration_106_refactor_regression.TestTravelRuleValidation" name="test_a_invalid_arrival_date" time="0.112" /><testcase classname="tests.test_iteration_106_refactor_regression.TestNeighbouringRegression" name="test_content_site" time="0.082" /><testcase classname="tests.test_iteration_106_refactor_regression.TestNeighbouringRegression" name="test_bundles_pack_family" time="0.082" /><testcase classname="tests.test_iteration_106_refactor_regression.TestTravelRuleValidation" name="test_b_departure_before_arrival" time="0.072" /><testcase classname="tests.test_iteration_106_refactor_regression.TestNeighbouringRegression" name="test_products" time="0.076" /><testcase classname="tests.test_iteration_106_refactor_regression.TestTravelRuleValidation" name="test_c_arrival_in_past" time="0.078" /><testcase classname="tests.test_iteration_106_refactor_regression.TestNeighbouringRegression" name="test_photo_check_valid_image" time="1.157" /><testcase classname="tests.test_iteration_106_refactor_regression.TestTravelRuleValidation" name="test_d_child_visa_adult_age" time="0.074" /><testcase classname="tests.test_iteration_106_refactor_regression.TestTravelRuleValidation" name="test_e_child_only_application_no_adult" time="0.289" /><testcase classname="tests.test_iteration_106_refactor_regression.TestTravelRuleValidation" name="test_f_stay_longer_than_visa_duration" time="0.105" /><testcase classname="tests.test_iteration_106_refactor_regression.TestTravelRuleValidation" name="test_g_passport_less_than_180d_after_return" time="0.232" /><testcase classname="tests.test_iteration_106_refactor_regression.TestTravelRuleValidation" name="test_h_dates_unknown_skips_date_checks_uses_today_for_passport" time="0.074" /><testcase classname="tests.test_iteration_106_refactor_regression.TestPassportOCR" name="test_pdf_returns_reason_pdf_no_data_key" time="0.724" /><testcase classname="tests.test_iteration_106_refactor_regression.TestNeighbouringRegression" name="test_photo_check_pdf" time="0.426" /><testcase classname="tests.test_iteration_106_refactor_regression.TestPassportOCR" name="test_nonexistent_file_id_404" time="0.132" /><testcase classname="tests.test_iteration_106_refactor_regression.TestNeighbouringRegression" name="test_photo_check_nonexistent" time="0.709" /><testcase classname="tests.test_iteration_106_refactor_regression.TestPassportOCR" name="test_non_passport_image_reason_shape" time="0.999" /><testcase classname="tests.test_iteration_106_refactor_regression.TestNeighbouringRegression" name="test_track_correct_code_and_surname" time="1.737" /><testcase classname="tests.test_travel_rules.TestStayVsVisaDuration" name="test_30day_visa_with_46_day_stay_rejected" time="0.108" /><testcase classname="tests.test_travel_rules.TestStayVsVisaDuration" name="test_transit48_with_5_day_stay_rejected" time="0.250" /><testcase classname="tests.test_travel_rules.TestStayVsVisaDuration" name="test_9_day_stay_on_30_day_visa_passes_rule" time="0.087" /><testcase classname="tests.test_travel_rules.TestPassport6MonthRule" name="test_expiry_less_than_6_months_after_return_rejected" time="0.080" /><testcase classname="tests.test_travel_rules.TestPassport6MonthRule" name="test_expiry_well_beyond_6_months_passes_rule" time="0.085" /><testcase classname="tests.test_travel_rules.TestMinorAlone" name="test_single_child_alone_rejected" time="0.073" /><testcase classname="tests.test_travel_rules.TestMinorAlone" name="test_child_with_adult_passes_rule" time="0.083" /><testcase classname="tests.test_travel_rules.TestChildVisaAge" name="test_adult_with_child_visa_rejected" time="0.079" /><testcase classname="tests.test_travel_rules.TestPastArrival" name="test_past_arrival_rejected" time="0.137" /><testcase classname="tests.test_iteration_106_refactor_regression.TestNeighbouringRegression" name="test_contact_endpoint" time="0.610" /><testcase classname="tests.test_iteration_106_refactor_regression.TestHappyPath" name="test_single_adult_ok" time="1.453" /><testcase classname="tests.test_iteration_106_refactor_regression.TestHappyPath" name="test_family_two_adults_one_child_with_discount" time="2.747" /></testsuite></testsuites>