<?xml version="1.0" encoding="utf-8"?><testsuites name="pytest tests"><testsuite name="pytest" errors="0" failures="0" skipped="0" tests="17" time="4.738" timestamp="2026-09-05T14:52:56.295625+00:00" hostname="agent-env-11840582-15c5-482f-85fd-c318e6cadcfd"><testcase classname="tests.test_refactor_regression.TestStoreCatalog" name="test_products_list" time="0.867" /><testcase classname="tests.test_refactor_regression.TestStoreCatalog" name="test_products_filter_insurance" time="0.039" /><testcase classname="tests.test_refactor_regression.TestStoreCatalog" name="test_products_filter_esim" time="0.034" /><testcase classname="tests.test_refactor_regression.TestStoreCatalog" name="test_products_invalid_kind_400" time="0.252" /><testcase classname="tests.test_refactor_regression.TestStoreCatalog" name="test_bundles" time="0.033" /><testcase classname="tests.test_refactor_regression.TestAdminInsurance" name="test_insurance_tasks" time="0.110" /><testcase classname="tests.test_refactor_regression.TestApplicationFlow" name="test_valid_application" time="1.914" /><testcase classname="tests.test_refactor_regression.TestAdminInsurance" name="test_insurance_report" time="0.033" /><testcase classname="tests.test_refactor_regression.TestAdminInsurance" name="test_profit_monthly" time="0.035" /><testcase classname="tests.test_refactor_regression.TestStoreOrders" name="test_create_order_and_fetch" time="0.573" /><testcase classname="tests.test_refactor_regression.TestApplicationFlow" name="test_passport_expiring_soon_rejected" time="0.073" /><testcase classname="tests.test_refactor_regression.TestStoreOrders" name="test_create_order_bad_product_400" time="0.043" /><testcase classname="tests.test_refactor_regression.TestApplicationFlow" name="test_malformed_passport_date_does_not_500" time="0.416" /><testcase classname="tests.test_refactor_regression.TestVisaAndQuote" name="test_visa_types" time="0.034" /><testcase classname="tests.test_refactor_regression.TestVisaAndQuote" name="test_pricing_quote" time="0.113" /><testcase classname="tests.test_refactor_regression.TestApplicationFlow" name="test_malformed_arrival_date_400_not_500" time="0.071" /><testcase classname="tests.test_refactor_regression.TestEmailPipeline" name="test_contact_creates_outbox_entry" time="1.919" /></testsuite></testsuites>