<?xml version="1.0" encoding="utf-8"?><testsuites name="pytest tests"><testsuite name="pytest" errors="0" failures="0" skipped="0" tests="10" time="2.496" timestamp="2026-09-05T15:41:55.339252+00:00" hostname="agent-env-11840582-15c5-482f-85fd-c318e6cadcfd"><testcase classname="tests.test_iteration_80.TestOrderTourSchedule" name="test_esim_order_ok" time="1.099" /><testcase classname="tests.test_iteration_80.TestApplicationFlexibleDates" name="test_dates_unknown_true_accepted" time="1.386" /><testcase classname="tests.test_iteration_80.TestOrderTourSchedule" name="test_insurance_order_ok" time="0.449" /><testcase classname="tests.test_iteration_80.TestApplicationFlexibleDates" name="test_missing_dates_without_unknown_rejected" time="0.092" /><testcase classname="tests.test_iteration_80.TestApplicationFlexibleDates" name="test_classic_dates_still_ok" time="0.439" /><testcase classname="tests.test_iteration_80.TestOrderTourSchedule" name="test_tour_order_without_schedule_rejected" time="0.041" /><testcase classname="tests.test_iteration_80.TestOrderTourSchedule" name="test_tour_order_with_schedule_ok" time="0.466" /><testcase classname="tests.test_iteration_80.TestPricingQuoteFlexible" name="test_quote_null_dates_ok" time="0.079" /><testcase classname="tests.test_iteration_80.TestPricingQuoteFlexible" name="test_quote_omitted_dates_ok" time="0.075" /><testcase classname="tests.test_iteration_80.TestOrderEmails" name="test_order_email_turkish" time="0.073" /></testsuite></testsuites>