<?xml version="1.0" encoding="utf-8"?><testsuites name="pytest tests"><testsuite name="pytest" errors="0" failures="0" skipped="0" tests="12" time="1.862" timestamp="2026-09-05T17:29:05.980191+00:00" hostname="agent-env-d74c194b-7a54-4124-878e-cf2e4df15423"><testcase classname="tests.test_iteration_84.TestFamilyDiscountTiers" name="test_quote_family_discount_rate[1]" time="0.268" /><testcase classname="tests.test_iteration_84.TestFamilyDiscountTiers" name="test_quote_family_discount_rate[2]" time="0.039" /><testcase classname="tests.test_iteration_84.TestFamilyDiscountTiers" name="test_quote_family_discount_rate[3]" time="0.076" /><testcase classname="tests.test_iteration_84.TestFamilyDiscountTiers" name="test_quote_family_discount_rate[4]" time="0.154" /><testcase classname="tests.test_iteration_84.TestFamilyDiscountTiers" name="test_quote_family_discount_rate[5]" time="0.037" /><testcase classname="tests.test_iteration_84.TestContentSite" name="test_family_discount_tiers_and_text" time="0.037" /><testcase classname="tests.test_iteration_84.TestPhotoGuideAssets" name="test_photo_guide_asset[/photo-guide/ok.jpg]" time="0.044" /><testcase classname="tests.test_iteration_84.TestPhotoGuideAssets" name="test_photo_guide_asset[/photo-guide/bad-background.jpg]" time="0.038" /><testcase classname="tests.test_iteration_84.TestPhotoGuideAssets" name="test_photo_guide_asset[/photo-guide/bad-sunglasses.jpg]" time="0.033" /><testcase classname="tests.test_iteration_84.TestPhotoGuideAssets" name="test_photo_guide_asset[/photo-guide/bad-selfie.jpg]" time="0.031" /><testcase classname="tests.test_iteration_84.TestApplicationFourTravelers" name="test_four_travelers_15_percent" time="1.006" /><testcase classname="tests.test_iteration_84.TestOrderEndpointExists" name="test_orders_endpoint_not_removed" time="0.034" /></testsuite></testsuites>