<?xml version="1.0" encoding="utf-8"?><testsuites name="pytest tests"><testsuite name="pytest" errors="0" failures="0" skipped="0" tests="6" time="9.357" timestamp="2026-09-04T13:04:35.283523+00:00" hostname="agent-env-b7584eb9-a7d8-4562-b60c-b8a0277a3718"><testcase classname="tests.test_zami_otp_fix" name="test_auto_renew_no_force_returns_fast_and_guarded" time="7.663" /><testcase classname="tests.test_zami_otp_fix" name="test_zami_session_readiness_reflects_otp_required" time="0.393" /><testcase classname="tests.test_zami_otp_fix" name="test_visa_types" time="0.150" /><testcase classname="tests.test_zami_otp_fix" name="test_content_site_partners_no_24saat" time="0.308" /><testcase classname="tests.test_zami_otp_fix" name="test_admin_login" time="0.236" /><testcase classname="tests.test_zami_otp_fix" name="test_zami_mapping_and_config_endpoints" time="0.293" /></testsuite></testsuites>