<?xml version="1.0" encoding="utf-8"?><testsuites name="pytest tests"><testsuite name="pytest" errors="0" failures="0" skipped="0" tests="9" time="1.263" timestamp="2026-09-04T11:43:05.953989+00:00" hostname="agent-env-b7584eb9-a7d8-4562-b60c-b8a0277a3718"><testcase classname="tests.test_iteration_48.TestContent" name="test_express_addon" time="0.288" /><testcase classname="tests.test_iteration_48.TestAdminAuth" name="test_login_success" time="0.183" /><testcase classname="tests.test_iteration_48.TestAdminAuth" name="test_old_admin_email_rejected" time="0.067" /><testcase classname="tests.test_iteration_48.TestAdminAuth" name="test_wrong_password_rejected" time="0.094" /><testcase classname="tests.test_iteration_48.TestContent" name="test_company_has_social_links" time="0.080" /><testcase classname="tests.test_iteration_48.TestVisaPrices" name="test_visa_types_usd_and_try" time="0.148" /><testcase classname="tests.test_iteration_48.TestQuote" name="test_two_adults_30day_single_express" time="0.085" /><testcase classname="tests.test_iteration_48.TestAdminCompany" name="test_get_company" time="0.230" /><testcase classname="tests.test_iteration_48.TestAdminCompany" name="test_put_company_persists_socials_and_whatsapp" time="0.349" /></testsuite></testsuites>