<?xml version="1.0" encoding="utf-8"?><testsuites name="pytest tests"><testsuite name="pytest" errors="0" failures="0" skipped="0" tests="8" time="22.656" timestamp="2026-09-05T17:44:21.298851+00:00" hostname="agent-env-d74c194b-7a54-4124-878e-cf2e4df15423"><testcase classname="tests.test_iteration_85" name="test_legal_has_all_four_docs" time="0.193" /><testcase classname="tests.test_iteration_85" name="test_legal_updated_at_all_2026_06_09" time="0.000" /><testcase classname="tests.test_iteration_85" name="test_refund_terms_has_required_sections" time="0.000" /><testcase classname="tests.test_iteration_85" name="test_service_terms_has_required_sections" time="0.000" /><testcase classname="tests.test_iteration_85" name="test_privacy_policy_has_10_sections" time="0.000" /><testcase classname="tests.test_iteration_85" name="test_marketing_consent_has_5_sections" time="0.000" /><testcase classname="tests.test_iteration_85" name="test_consents_persist_with_optional_false" time="1.427" /><testcase classname="tests.test_iteration_85" name="test_consents_persist_with_optional_true" time="20.906" /></testsuite></testsuites>