<?xml version="1.0" encoding="utf-8"?><testsuites name="pytest tests"><testsuite name="pytest" errors="0" failures="0" skipped="0" tests="8" time="2.800" timestamp="2026-09-06T10:52:53.439328+00:00" hostname="agent-env-d74c194b-7a54-4124-878e-cf2e4df15423"><testcase classname="tests.test_iteration_95_tours_snapshot" name="test_products_tour_kind" time="0.272" /><testcase classname="tests.test_iteration_95_tours_snapshot" name="test_tour_order_missing_date" time="0.072" /><testcase classname="tests.test_iteration_95_tours_snapshot" name="test_tour_order_invalid_slot" time="0.073" /><testcase classname="tests.test_iteration_95_tours_snapshot" name="test_tour_order_happy_path" time="0.500" /><testcase classname="tests.test_iteration_95_tours_snapshot" name="test_snapshot_upsert_and_bundle_discount" time="0.100" /><testcase classname="tests.test_iteration_95_tours_snapshot" name="test_snapshot_empty_deactivates" time="0.104" /><testcase classname="tests.test_iteration_95_tours_snapshot" name="test_order_deactivates_snapshot" time="0.493" /><testcase classname="tests.test_iteration_95_tours_snapshot" name="test_due_stage_and_sweep" time="0.267" /></testsuite></testsuites>