<?xml version="1.0" encoding="utf-8"?><testsuites name="pytest tests"><testsuite name="pytest" errors="0" failures="0" skipped="3" tests="305" time="172.849" timestamp="2026-09-07T14:55:26.742085+00:00" hostname="agent-env-0bc33a23-c66c-47a6-b7c1-d45cf7e959b6"><testcase classname="tests.test_bundles.TestBundles" name="test_all_bundles" time="0.302" /><testcase classname="tests.test_bundles.TestBundles" name="test_visa_30_bundles" time="0.052" /><testcase classname="tests.test_bundles.TestBundles" name="test_visa_60_bundles" time="0.046" /><testcase classname="tests.test_bundles.TestOrderBundleDiscount" name="test_pack_standard_order_price_matches_bundle" time="0.749" /><testcase classname="tests.test_emailer" name="test_send_email_marketing_kind_has_all_deliverability_fields" time="0.001" /><testcase classname="tests.test_emailer" name="test_send_email_transactional_kind_has_no_list_unsubscribe" time="0.001" /><testcase classname="tests.test_emailer" name="test_html_to_text_strips_tags_and_entities" time="0.000" /><testcase classname="tests.test_emailer" name="test_html_to_text_real_template_turkish" time="0.000" /><testcase classname="tests.test_emailer" name="test_warning_logged_for_resend_dev_sender" time="0.001" /><testcase classname="tests.test_emailer" name="test_send_email_skipped_when_placeholder_key" time="0.000" /><testcase classname="tests.test_emailer" name="test_send_email_error_status_when_resend_raises" time="0.001" /><testcase classname="tests.test_fx_tcmb.TestTcmbParsing" name="test_forex_selling_is_used" time="0.000" /><testcase classname="tests.test_fx_tcmb.TestTcmbParsing" name="test_bulletin_date" time="0.000" /><testcase classname="tests.test_fx_tcmb.TestTcmbParsing" name="test_broken_payload" time="0.000" /><testcase classname="tests.test_fx_tcmb.TestTcmbParsing" name="test_tcmb_is_primary_source" time="0.000" /><testcase classname="tests.test_fx_tcmb.TestBulletinSchedule" name="test_before_publish_uses_previous_business_day" time="0.000" /><testcase classname="tests.test_fx_tcmb.TestBulletinSchedule" name="test_after_publish_uses_today" time="0.000" /><testcase classname="tests.test_fx_tcmb.TestBulletinSchedule" name="test_weekend_falls_back_to_friday" time="0.000" /><testcase classname="tests.test_fx_tcmb.TestStaleness" name="test_fresh_bulletin_is_not_stale" time="0.000" /><testcase classname="tests.test_fx_tcmb.TestStaleness" name="test_old_bulletin_refreshes_after_an_hour" time="0.000" /><testcase classname="tests.test_fx_tcmb.TestStaleness" name="test_missing_timestamp_is_stale" time="0.000" /><testcase classname="tests.test_fx_tcmb.TestPublicFxEndpoint" name="test_fx_endpoint_reports_tcmb" time="0.387" /><testcase classname="tests.test_insurance_automation" name="test_insurance_products" time="0.132" /><testcase classname="tests.test_insurance_automation" name="test_insurance_report" time="0.124" /><testcase classname="tests.test_insurance_automation" name="test_update_product_recomputes_margin" time="0.243" /><testcase classname="tests.test_insurance_automation" name="test_task_created_on_paid" time="1.591" /><testcase classname="tests.test_insurance_automation" name="test_paid_idempotent" time="0.419" /><testcase classname="tests.test_insurance_automation" name="test_pending_email_and_notification" time="0.033" /><testcase classname="tests.test_insurance_automation" name="test_issue_policy" time="1.060" /><testcase classname="tests.test_insurance_automation" name="test_esim_only_no_task" time="1.358" /><testcase classname="tests.test_insurance_catalog.TestInsuranceCatalog" name="test_returns_six_insurance_products" time="0.135" /><testcase classname="tests.test_insurance_catalog.TestInsuranceCatalog" name="test_prices_and_currency" time="0.053" /><testcase classname="tests.test_insurance_catalog.TestInsuranceCatalog" name="test_price_equals_price_try_independent_of_fx" time="0.058" /><testcase classname="tests.test_insurance_catalog.TestInsuranceCatalog" name="test_esim_still_uses_usd_to_try" time="0.052" /><testcase classname="tests.test_insurance_catalog.TestInsuranceOrder" name="test_create_order_ins_30d_qty2" time="0.731" /><testcase classname="tests.test_insurance_catalog.TestApplicationStoreItems" name="test_pricing_quote_insurance_only" time="0.099" /><testcase classname="tests.test_insurance_catalog.TestApplicationStoreItems" name="test_pricing_quote_bundle_insurance_plus_esim" time="0.047" /><testcase classname="tests.test_insurance_catalog.TestAdminProductPatch" name="test_patch_price_try_updates_public_endpoint" time="0.227" /><testcase classname="tests.test_iteration_100_e2e" name="test_application_creation_subject_and_outbox_logo" time="5.662" /><testcase classname="tests.test_iteration_100_emailer_logo" name="test_subject_with_ref_with_reference" time="0.000" /><testcase classname="tests.test_iteration_100_emailer_logo" name="test_subject_with_ref_empty_fallback" time="0.000" /><testcase classname="tests.test_iteration_100_emailer_logo" name="test_logo_payload_reads_file" time="0.000" /><testcase classname="tests.test_iteration_100_emailer_logo" name="test_wrap_uses_cid_when_logo_present" time="0.000" /><testcase classname="tests.test_iteration_100_emailer_logo" name="test_resend_params_includes_attachment_when_cid_in_html" time="0.001" /><testcase classname="tests.test_iteration_100_emailer_logo" name="test_resend_params_no_attachment_without_cid" time="0.000" /><testcase classname="tests.test_iteration_100_emailer_logo" name="test_outbox_html_replaces_cid_with_public_url" time="0.001" /><testcase classname="tests.test_iteration_100_emailer_logo" name="test_application_received_subject_format" time="0.001" /><testcase classname="tests.test_iteration_101_family_bundle.TestFamilyBundle" name="test_bundle_count_and_family" time="0.095" /><testcase classname="tests.test_iteration_101_family_bundle.TestFamilyBundle" name="test_family_details" time="0.000" /><testcase classname="tests.test_iteration_101_family_bundle.TestFamilyBundle" name="test_pack_standard_unchanged" time="0.000" /><testcase classname="tests.test_iteration_101_family_bundle.TestBundleFilter" name="test_visa_days_60" time="0.086" /><testcase classname="tests.test_iteration_101_family_bundle.TestOrderMultiQty" name="test_products_available" time="0.135" /><testcase classname="tests.test_iteration_101_family_bundle.TestOrderMultiQty" name="test_bank_transfer_family_extras_order" time="0.821" /><testcase classname="tests.test_iteration_102_family_quote.TestQuoteFamily" name="test_default_2a_1c_no_tour" time="0.151" /><testcase classname="tests.test_iteration_102_family_quote.TestQuoteFamily" name="test_2a_1c_with_tour" time="0.113" /><testcase classname="tests.test_iteration_102_family_quote.TestQuoteFamily" name="test_3a_2c_with_tour_family_tier_15pct" time="0.096" /><testcase classname="tests.test_iteration_102_family_quote.TestQuoteFamily" name="test_4a_2c_15pct_tier" time="0.091" /><testcase classname="tests.test_iteration_102_family_quote.TestQuoteFamily" name="test_clamping_high_and_low" time="0.244" /><testcase classname="tests.test_iteration_102_family_quote.TestQuoteFamily" name="test_unknown_bundle_id_404" time="0.089" /><testcase classname="tests.test_iteration_102_family_quote.TestBundlesList" name="test_all_bundles" time="0.088" /><testcase classname="tests.test_iteration_102_family_quote.TestBundlesList" name="test_visa_days_60_filter" time="0.103" /><testcase classname="tests.test_iteration_102_family_quote.TestOrderParity" name="test_order_bundle_discount_matches_quote_tour" time="1.061" /><testcase classname="tests.test_iteration_105_refactor_regression.TestGeneralRegression" name="test_visa_types" time="0.142" /><testcase classname="tests.test_iteration_105_refactor_regression.TestGeneralRegression" name="test_content_site" time="0.062" /><testcase classname="tests.test_iteration_105_refactor_regression.TestGeneralRegression" name="test_bundles_visa_days_30_includes_pack_family" time="0.083" /><testcase classname="tests.test_iteration_105_refactor_regression.TestGeneralRegression" name="test_contact_endpoint" time="0.536" /><testcase classname="tests.test_iteration_105_refactor_regression.TestGeneralRegression" name="test_admin_applications_list" time="0.053" /><testcase classname="tests.test_iteration_105_refactor_regression.TestGeneralRegression" name="test_admin_orders_list" time="0.050" /><testcase classname="tests.test_iteration_105_refactor_regression.TestApplicationLifecycle" name="test_application_created_ok" time="2.498" /><testcase classname="tests.test_iteration_105_refactor_regression.TestApplicationLifecycle" name="test_application_track" time="0.060" /><testcase classname="tests.test_iteration_105_refactor_regression.TestApplicationLifecycle" name="test_admin_patch_status_reviewing" time="0.430" /><testcase classname="tests.test_iteration_105_refactor_regression.TestApplicationLifecycle" name="test_admin_patch_status_approved_whatsapp_swallowed" time="0.396" /><testcase classname="tests.test_iteration_105_refactor_regression.TestOrderDelivery" name="test_deliver_requires_at_least_one_file" time="1.030" /><testcase classname="tests.test_iteration_105_refactor_regression.TestOrderDelivery" name="test_deliver_single_file" time="0.743" /><testcase classname="tests.test_iteration_105_refactor_regression.TestOrderDelivery" name="test_deliver_both_files_two_links" time="4.412" /><testcase classname="tests.test_iteration_105_refactor_regression.TestPhotoCheck" name="test_photo_check_happy_path" time="3.456" /><testcase classname="tests.test_iteration_105_refactor_regression.TestPhotoCheck" name="test_photo_check_pdf_returns_early" time="0.477" /><testcase classname="tests.test_iteration_105_refactor_regression.TestPhotoCheck" name="test_photo_check_nonexistent_404" time="0.092" /><testcase classname="tests.test_iteration_105_refactor_regression.TestNoStaleDomain" name="test_no_stale_domain_in_prod_modules" time="0.005" /><testcase classname="tests.test_iteration_105_refactor_regression.TestNoStaleDomain" name="test_public_base_url_configured" time="0.000" /><testcase classname="tests.test_iteration_106_refactor_regression.TestTravelRuleValidation" name="test_a_missing_arrival_date" time="0.087" /><testcase classname="tests.test_iteration_106_refactor_regression.TestTravelRuleValidation" name="test_a_invalid_arrival_date" time="0.120" /><testcase classname="tests.test_iteration_106_refactor_regression.TestTravelRuleValidation" name="test_b_departure_before_arrival" time="0.270" /><testcase classname="tests.test_iteration_106_refactor_regression.TestTravelRuleValidation" name="test_c_arrival_in_past" time="0.086" /><testcase classname="tests.test_iteration_106_refactor_regression.TestTravelRuleValidation" name="test_d_child_visa_adult_age" time="0.262" /><testcase classname="tests.test_iteration_106_refactor_regression.TestTravelRuleValidation" name="test_e_child_only_application_no_adult" time="0.101" /><testcase classname="tests.test_iteration_106_refactor_regression.TestTravelRuleValidation" name="test_f_stay_longer_than_visa_duration" time="0.098" /><testcase classname="tests.test_iteration_106_refactor_regression.TestTravelRuleValidation" name="test_g_passport_less_than_180d_after_return" time="0.110" /><testcase classname="tests.test_iteration_106_refactor_regression.TestTravelRuleValidation" name="test_h_dates_unknown_skips_date_checks_uses_today_for_passport" time="0.071" /><testcase classname="tests.test_iteration_106_refactor_regression.TestHappyPath" name="test_single_adult_ok" time="2.713" /><testcase classname="tests.test_iteration_106_refactor_regression.TestHappyPath" name="test_family_two_adults_one_child_with_discount" time="5.161" /><testcase classname="tests.test_iteration_106_refactor_regression.TestPassportOCR" name="test_pdf_returns_reason_pdf_no_data_key" time="0.494" /><testcase classname="tests.test_iteration_106_refactor_regression.TestPassportOCR" name="test_nonexistent_file_id_404" time="0.101" /><testcase classname="tests.test_iteration_106_refactor_regression.TestPassportOCR" name="test_non_passport_image_reason_shape" time="1.074" /><testcase classname="tests.test_iteration_106_refactor_regression.TestNeighbouringRegression" name="test_visa_types" time="0.091" /><testcase classname="tests.test_iteration_106_refactor_regression.TestNeighbouringRegression" name="test_content_site" time="0.098" /><testcase classname="tests.test_iteration_106_refactor_regression.TestNeighbouringRegression" name="test_bundles_pack_family" time="0.085" /><testcase classname="tests.test_iteration_106_refactor_regression.TestNeighbouringRegression" name="test_products" time="0.074" /><testcase classname="tests.test_iteration_106_refactor_regression.TestNeighbouringRegression" name="test_photo_check_valid_image" time="0.960" /><testcase classname="tests.test_iteration_106_refactor_regression.TestNeighbouringRegression" name="test_photo_check_pdf" time="0.436" /><testcase classname="tests.test_iteration_106_refactor_regression.TestNeighbouringRegression" name="test_photo_check_nonexistent" time="0.091" /><testcase classname="tests.test_iteration_106_refactor_regression.TestNeighbouringRegression" name="test_track_correct_code_and_surname" time="2.496" /><testcase classname="tests.test_iteration_106_refactor_regression.TestNeighbouringRegression" name="test_contact_endpoint" time="0.478" /><testcase classname="tests.test_iteration_108_retention" name="test_purge_expired_uploads_marks_old_ignores_recent" time="0.714" /><testcase classname="tests.test_iteration_108_retention.TestBackendRegression" name="test_content_site" time="0.096" /><testcase classname="tests.test_iteration_108_retention.TestBackendRegression" name="test_visa_types" time="0.095" /><testcase classname="tests.test_iteration_108_retention.TestBackendRegression" name="test_bundles" time="0.094" /><testcase classname="tests.test_iteration_108_retention.TestBackendRegression" name="test_products" time="0.079" /><testcase classname="tests.test_iteration_108_retention.TestBackendRegression" name="test_create_application_still_works" time="0.095" /><testcase classname="tests.test_iteration_109_retention" name="test_delete_object_wipes_content_when_delete_forbidden" time="1.168" /><testcase classname="tests.test_iteration_109_retention" name="test_purge_tombstones_and_bogus_path_is_safe" time="1.586" /><testcase classname="tests.test_iteration_109_retention" name="test_error_logging_wording_present" time="0.000" /><testcase classname="tests.test_iteration_109_retention" name="test_fresh_upload_download_after_purge" time="0.536" /><testcase classname="tests.test_iteration_109_retention.TestLightRegression" name="test_content_site" time="0.109" /><testcase classname="tests.test_iteration_109_retention.TestLightRegression" name="test_applications_post_valid_adult" time="0.111" /><testcase classname="tests.test_iteration_111_daily_digest" name="test_day_bounds_covers_local_day" time="0.000" /><testcase classname="tests.test_iteration_111_daily_digest" name="test_collect_digest_counts_seeded_day" time="0.009" /><testcase classname="tests.test_iteration_111_daily_digest" name="test_send_daily_digest_is_once_per_day" time="0.011" /><testcase classname="tests.test_iteration_111_daily_digest" name="test_digest_html_has_all_sections" time="0.000" /><testcase classname="tests.test_iteration_111_daily_digest" name="test_digest_html_no_activity_variant" time="0.000" /><testcase classname="tests.test_iteration_111_daily_digest" name="test_digest_loop_settings_key_and_hour" time="0.000" /><testcase classname="tests.test_iteration_112_application_form.TestFormHelpers" name="test_slug_transliterates_turkish" time="0.000" /><testcase classname="tests.test_iteration_112_application_form.TestFormHelpers" name="test_money_avoids_missing_lira_glyph" time="0.000" /><testcase classname="tests.test_iteration_112_application_form.TestFormHelpers" name="test_document_listing_drops_bytes" time="0.000" /><testcase classname="tests.test_iteration_112_application_form.TestFormHelpers" name="test_pdf_is_single_page_and_titled" time="0.036" /><testcase classname="tests.test_iteration_112_application_form.TestApplicationFormEndpoints" name="test_customer_download_with_code_and_lastname" time="2.828" /><testcase classname="tests.test_iteration_112_application_form.TestApplicationFormEndpoints" name="test_wrong_lastname_rejected" time="0.105" /><testcase classname="tests.test_iteration_112_application_form.TestApplicationFormEndpoints" name="test_admin_download_requires_token" time="0.200" /><testcase classname="tests.test_iteration_112_application_form.TestApplicationFormEndpoints" name="test_emails_carry_form_and_documents" time="0.001" /><testcase classname="tests.test_iteration_112_application_form.TestApplicationFormEndpoints" name="test_admin_copy_also_has_attachments" time="0.002" /><testcase classname="tests.test_iteration_112_extras.TestPublicPdfEndpointSemantics" name="test_missing_params_return_400_or_422" time="0.082" /><testcase classname="tests.test_iteration_112_extras.TestPublicPdfEndpointSemantics" name="test_unknown_code_returns_404" time="0.077" /><testcase classname="tests.test_iteration_112_extras.TestMultiTravelerPdfAndAttachments" name="test_pdf_valid_via_poppler_and_contains_key_data" time="6.384" /><testcase classname="tests.test_iteration_112_extras.TestMultiTravelerPdfAndAttachments" name="test_admin_pdf_endpoint_multi" time="0.221" /><testcase classname="tests.test_iteration_112_extras.TestMultiTravelerPdfAndAttachments" name="test_customer_email_lists_every_passport_and_photo" time="0.001" /><testcase classname="tests.test_iteration_112_extras.TestMultiTravelerPdfAndAttachments" name="test_admin_email_has_same_attachments" time="0.003" /><testcase classname="tests.test_iteration_113_admin_today.TestHelpers" name="test_greeting_windows" time="0.000" /><testcase classname="tests.test_iteration_113_admin_today.TestHelpers" name="test_day_label_is_turkish" time="0.000" /><testcase classname="tests.test_iteration_113_admin_today.TestHelpers" name="test_day_bounds_cover_local_day" time="0.000" /><testcase classname="tests.test_iteration_113_admin_today.TestTodayEndpoint" name="test_requires_admin_token" time="0.181" /><testcase classname="tests.test_iteration_113_admin_today.TestTodayEndpoint" name="test_returns_day_summary_and_pending_work" time="0.082" /><testcase classname="tests.test_iteration_48.TestVisaPrices" name="test_visa_types_usd_and_try" time="0.099" /><testcase classname="tests.test_iteration_48.TestContent" name="test_express_addon" time="0.036" /><testcase classname="tests.test_iteration_48.TestContent" name="test_company_has_social_links" time="0.034" /><testcase classname="tests.test_iteration_48.TestQuote" name="test_two_adults_30day_single_express" time="0.078" /><testcase classname="tests.test_iteration_48.TestAdminAuth" name="test_password_login_endpoint_removed" time="0.065" /><testcase classname="tests.test_iteration_48.TestAdminAuth" name="test_protected_endpoint_requires_token" time="0.074" /><testcase classname="tests.test_iteration_48.TestAdminCompany" name="test_get_company" time="0.101" /><testcase classname="tests.test_iteration_48.TestAdminCompany" name="test_put_company_persists_socials_and_whatsapp" time="0.335" /><testcase classname="tests.test_iteration_79.TestTransitRemoved" name="test_visa_types_no_transit" time="0.084" /><testcase classname="tests.test_iteration_79.TestTransitRemoved" name="test_visa_guides_no_transit" time="0.046" /><testcase classname="tests.test_iteration_79.TestTransitRemoved" name="test_visa_guide_transit_returns_404" time="0.042" /><testcase classname="tests.test_iteration_79.TestTransitRemoved" name="test_application_with_transit_visa_rejected" time="0.919" /><testcase classname="tests.test_iteration_79.TestVipSafari" name="test_both_safaris_listed" time="0.046" /><testcase classname="tests.test_iteration_79.TestVipSafari" name="test_vip_order_with_schedule_succeeds" time="0.747" /><testcase classname="tests.test_iteration_79.TestVipSafari" name="test_vip_order_without_schedule_is_rejected" time="0.041" /><testcase classname="tests.test_iteration_79.TestRegression" name="test_products_all" time="0.043" /><testcase classname="tests.test_iteration_79.TestRegression" name="test_bundles" time="0.060" /><testcase classname="tests.test_iteration_79.TestRegression" name="test_admin_login" time="0.135" /><testcase classname="tests.test_iteration_80.TestPricingQuoteFlexible" name="test_quote_null_dates_ok" time="0.088" /><testcase classname="tests.test_iteration_80.TestPricingQuoteFlexible" name="test_quote_omitted_dates_ok" time="0.050" /><testcase classname="tests.test_iteration_80.TestApplicationFlexibleDates" name="test_dates_unknown_true_accepted" time="5.546" /><testcase classname="tests.test_iteration_80.TestApplicationFlexibleDates" name="test_missing_dates_without_unknown_rejected" time="0.042" /><testcase classname="tests.test_iteration_80.TestApplicationFlexibleDates" name="test_classic_dates_still_ok" time="3.644" /><testcase classname="tests.test_iteration_80.TestOrderTourSchedule" name="test_esim_order_ok" time="0.687" /><testcase classname="tests.test_iteration_80.TestOrderTourSchedule" name="test_insurance_order_ok" time="0.683" /><testcase classname="tests.test_iteration_80.TestOrderTourSchedule" name="test_tour_order_without_schedule_rejected" time="0.046" /><testcase classname="tests.test_iteration_80.TestOrderTourSchedule" name="test_tour_order_with_schedule_ok" time="0.723" /><testcase classname="tests.test_iteration_80.TestOrderEmails" name="test_order_email_turkish" time="0.000" /><testcase classname="tests.test_iteration_82" name="test_login_lastname_returns_404" time="0.110" /><testcase classname="tests.test_iteration_82.TestAccountOTPEndToEnd" name="test_full_flow_and_no_code_plain" time="1.654" /><testcase classname="tests.test_iteration_82.TestAccountRateLimits" name="test_same_email_60s_cooldown" time="0.480" /><testcase classname="tests.test_iteration_82.TestAccountRateLimitsIsolated" name="test_ip_hourly_limit_exceeded" time="0.000"><skipped type="pytest.skip" message="IP basina saatlik sayaci tuketir; RUN_RATELIMIT_TESTS=1 ile ayri calistirin">/app/backend/tests/test_iteration_82.py:151: IP basina saatlik sayaci tuketir; RUN_RATELIMIT_TESTS=1 ile ayri calistirin</skipped></testcase><testcase classname="tests.test_iteration_82.TestContactEndpoint" name="test_contact_ok_then_ratelimit" time="0.000"><skipped type="pytest.skip" message="IP basina saatlik sayaci tuketir; RUN_RATELIMIT_TESTS=1 ile ayri calistirin">/app/backend/tests/test_iteration_82.py:172: IP basina saatlik sayaci tuketir; RUN_RATELIMIT_TESTS=1 ile ayri calistirin</skipped></testcase><testcase classname="tests.test_iteration_82.TestZamiScripts" name="test_bookmarklet_js_ok_and_contains_dvoEsc" time="0.036" /><testcase classname="tests.test_iteration_82.TestZamiScripts" name="test_capture_js_ok_and_contains_dvoEsc" time="0.031" /><testcase classname="tests.test_iteration_82.TestAdminOTP" name="test_admin_otp_full" time="1.530" /><testcase classname="tests.test_iteration_82" name="test_applications_accept_new_phone_format" time="2.071" /><testcase classname="tests.test_iteration_83.TestPhotoBackground" name="test_dark_background_photo_is_rejected" time="4.497" /><testcase classname="tests.test_iteration_83.TestPhotoBackground" name="test_white_background_photo_is_accepted" time="10.733" /><testcase classname="tests.test_iteration_83.TestContactAndUploadRegression" name="test_contact_ok" time="0.455" /><testcase classname="tests.test_iteration_83.TestContactAndUploadRegression" name="test_uploads_ok" time="0.325" /><testcase classname="tests.test_iteration_83.TestApplicationCreate" name="test_create_application_with_plus90_phone" time="1.948" /><testcase classname="tests.test_iteration_83.TestOTPRegression" name="test_admin_otp_still_works" time="0.521" /><testcase classname="tests.test_iteration_83.TestOTPRegression" name="test_customer_otp_request" time="0.495" /><testcase classname="tests.test_iteration_84.TestFamilyDiscountTiers" name="test_quote_family_discount_rate[1]" time="0.182" /><testcase classname="tests.test_iteration_84.TestFamilyDiscountTiers" name="test_quote_family_discount_rate[2]" time="0.069" /><testcase classname="tests.test_iteration_84.TestFamilyDiscountTiers" name="test_quote_family_discount_rate[3]" time="0.178" /><testcase classname="tests.test_iteration_84.TestFamilyDiscountTiers" name="test_quote_family_discount_rate[4]" time="0.080" /><testcase classname="tests.test_iteration_84.TestFamilyDiscountTiers" name="test_quote_family_discount_rate[5]" time="0.080" /><testcase classname="tests.test_iteration_84.TestContentSite" name="test_family_discount_tiers_and_text" time="0.046" /><testcase classname="tests.test_iteration_84.TestPhotoGuideAssets" name="test_photo_guide_asset[/photo-guide/ok.jpg]" time="0.059" /><testcase classname="tests.test_iteration_84.TestPhotoGuideAssets" name="test_photo_guide_asset[/photo-guide/bad-background.jpg]" time="0.062" /><testcase classname="tests.test_iteration_84.TestPhotoGuideAssets" name="test_photo_guide_asset[/photo-guide/bad-sunglasses.jpg]" time="0.042" /><testcase classname="tests.test_iteration_84.TestPhotoGuideAssets" name="test_photo_guide_asset[/photo-guide/bad-selfie.jpg]" time="0.041" /><testcase classname="tests.test_iteration_84.TestApplicationFourTravelers" name="test_four_travelers_15_percent" time="6.133" /><testcase classname="tests.test_iteration_84.TestOrderEndpointExists" name="test_orders_endpoint_not_removed" time="0.080" /><testcase classname="tests.test_iteration_85" name="test_legal_has_all_four_docs" time="0.132" /><testcase classname="tests.test_iteration_85" name="test_legal_updated_at_all_2026_06_09" time="0.000" /><testcase classname="tests.test_iteration_85" name="test_refund_terms_has_required_sections" time="0.000" /><testcase classname="tests.test_iteration_85" name="test_service_terms_has_required_sections" time="0.000" /><testcase classname="tests.test_iteration_85" name="test_privacy_policy_has_10_sections" time="0.000" /><testcase classname="tests.test_iteration_85" name="test_marketing_consent_has_5_sections" time="0.000" /><testcase classname="tests.test_iteration_85" name="test_consents_persist_with_optional_false" time="2.741" /><testcase classname="tests.test_iteration_85" name="test_consents_persist_with_optional_true" time="2.425" /><testcase classname="tests.test_iteration_86.TestVisitorTracking" name="test_track_visit_browser_ok" time="2.095" /><testcase classname="tests.test_iteration_86.TestVisitorTracking" name="test_track_visit_bot_skipped" time="0.106" /><testcase classname="tests.test_iteration_86.TestAdminVisits" name="test_visits_requires_auth" time="0.097" /><testcase classname="tests.test_iteration_86.TestAdminVisits" name="test_visits_summary_requires_auth" time="0.093" /><testcase classname="tests.test_iteration_86.TestAdminVisits" name="test_visits_list" time="0.096" /><testcase classname="tests.test_iteration_86.TestAdminVisits" name="test_visits_summary" time="0.103" /><testcase classname="tests.test_iteration_86.TestContent" name="test_site_has_affiliation_and_banks" time="0.097" /><testcase classname="tests.test_iteration_86.TestContent" name="test_legal_has_affiliation" time="0.099" /><testcase classname="tests.test_iteration_86.TestBankTransferAdmin" name="test_get_bank_transfer" time="0.113" /><testcase classname="tests.test_iteration_86.TestBankTransferAdmin" name="test_put_bank_transfer_persists_banks" time="0.248" /><testcase classname="tests.test_iteration_86.TestArticles" name="test_articles_have_covers" time="0.083" /><testcase classname="tests.test_iteration_91" name="test_public_content_site" time="0.084" /><testcase classname="tests.test_iteration_91" name="test_public_products" time="0.030" /><testcase classname="tests.test_iteration_91" name="test_public_bundles" time="0.035" /><testcase classname="tests.test_iteration_91" name="test_file_access_without_token" time="0.676" /><testcase classname="tests.test_iteration_91" name="test_file_access_with_signed_token" time="0.282" /><testcase classname="tests.test_iteration_91" name="test_file_access_tampered_token" time="0.120" /><testcase classname="tests.test_iteration_91" name="test_file_access_cross_token" time="0.382" /><testcase classname="tests.test_iteration_91" name="test_file_access_with_admin_bearer" time="0.289" /><testcase classname="tests.test_iteration_91" name="test_admin_request_code_and_verify" time="0.539" /><testcase classname="tests.test_iteration_91" name="test_admin_applications_list_has_signed_urls" time="2.019" /><testcase classname="tests.test_iteration_91" name="test_create_application_regression" time="0.142"><skipped type="pytest.skip" message="create application schema mismatch: 422 {&quot;detail&quot;:[{&quot;type&quot;:&quot;missing&quot;,&quot;loc&quot;:[&quot;body&quot;,&quot;contact&quot;,&quot;full_name&quot;],&quot;msg&quot;:&quot;Field required&quot;,&quot;input&quot;:{&quot;email&quot;:&quot;delivered@resend.dev&quot;,&quot;phone&quot;:&quot;+905325882630&quot;},&quot;url&quot;:&quot;https://errors.pydantic.dev/2.13/v/miss">/app/backend/tests/test_iteration_91.py:244: create application schema mismatch: 422 {"detail":[{"type":"missing","loc":["body","contact","full_name"],"msg":"Field required","input":{"email":"delivered@resend.dev","phone":"+905325882630"},"url":"https://errors.pydantic.dev/2.13/v/miss</skipped></testcase><testcase classname="tests.test_iteration_94_cart" name="test_fx" time="0.125" /><testcase classname="tests.test_iteration_94_cart" name="test_products" time="0.109" /><testcase classname="tests.test_iteration_94_cart" name="test_order_with_bundle_discount" time="1.848" /><testcase classname="tests.test_iteration_94_cart" name="test_order_single_kind_no_discount" time="3.084" /><testcase classname="tests.test_iteration_94_cart" name="test_order_invalid_app_reference" time="0.048" /><testcase classname="tests.test_iteration_94_cart" name="test_order_checkout_stripe" time="1.584" /><testcase classname="tests.test_iteration_95_tours_snapshot" name="test_products_tour_kind" time="0.116" /><testcase classname="tests.test_iteration_95_tours_snapshot" name="test_tour_order_missing_date" time="0.078" /><testcase classname="tests.test_iteration_95_tours_snapshot" name="test_tour_order_invalid_slot" time="0.081" /><testcase classname="tests.test_iteration_95_tours_snapshot" name="test_tour_order_happy_path" time="0.989" /><testcase classname="tests.test_iteration_95_tours_snapshot" name="test_snapshot_upsert_and_bundle_discount" time="0.086" /><testcase classname="tests.test_iteration_95_tours_snapshot" name="test_snapshot_empty_deactivates" time="0.124" /><testcase classname="tests.test_iteration_95_tours_snapshot" name="test_order_deactivates_snapshot" time="0.745" /><testcase classname="tests.test_iteration_95_tours_snapshot" name="test_due_stage_and_sweep" time="0.231" /><testcase classname="tests.test_iteration_98" name="test_request_login_code_sends_email" time="3.447" /><testcase classname="tests.test_refactor_regression.TestStoreCatalog" name="test_products_list" time="0.146" /><testcase classname="tests.test_refactor_regression.TestStoreCatalog" name="test_products_filter_insurance" time="0.061" /><testcase classname="tests.test_refactor_regression.TestStoreCatalog" name="test_products_filter_esim" time="0.068" /><testcase classname="tests.test_refactor_regression.TestStoreCatalog" name="test_products_invalid_kind_400" time="0.044" /><testcase classname="tests.test_refactor_regression.TestStoreCatalog" name="test_bundles" time="0.044" /><testcase classname="tests.test_refactor_regression.TestStoreOrders" name="test_create_order_and_fetch" time="0.741" /><testcase classname="tests.test_refactor_regression.TestStoreOrders" name="test_create_order_bad_product_400" time="0.081" /><testcase classname="tests.test_refactor_regression.TestAdminInsurance" name="test_insurance_tasks" time="0.082" /><testcase classname="tests.test_refactor_regression.TestAdminInsurance" name="test_insurance_report" time="0.043" /><testcase classname="tests.test_refactor_regression.TestAdminInsurance" name="test_profit_monthly" time="0.084" /><testcase classname="tests.test_refactor_regression.TestVisaAndQuote" name="test_visa_types" time="0.119" /><testcase classname="tests.test_refactor_regression.TestVisaAndQuote" name="test_pricing_quote" time="0.095" /><testcase classname="tests.test_refactor_regression.TestEmailPipeline" name="test_contact_creates_outbox_entry" time="2.020" /><testcase classname="tests.test_refactor_regression.TestApplicationFlow" name="test_valid_application" time="2.309" /><testcase classname="tests.test_refactor_regression.TestApplicationFlow" name="test_passport_expiring_soon_rejected" time="0.081" /><testcase classname="tests.test_refactor_regression.TestApplicationFlow" name="test_malformed_passport_date_does_not_500" time="0.084" /><testcase classname="tests.test_refactor_regression.TestApplicationFlow" name="test_malformed_arrival_date_400_not_500" time="0.049" /><testcase classname="tests.test_security_audit_fixes.TestWebhookSignature" name="test_verify_get_ok_with_correct_token" time="0.128" /><testcase classname="tests.test_security_audit_fixes.TestWebhookSignature" name="test_verify_get_wrong_token_403" time="0.049" /><testcase classname="tests.test_security_audit_fixes.TestWebhookSignature" name="test_post_without_signature_returns_403_and_no_side_effects" time="1.089" /><testcase classname="tests.test_security_audit_fixes.TestWebhookSignature" name="test_post_with_bogus_signature_returns_403" time="0.112" /><testcase classname="tests.test_security_audit_fixes.TestAdminOtpNoPlaintext" name="test_request_code_stores_only_hash_and_subject_hides_code" time="1.587" /><testcase classname="tests.test_security_audit_fixes.TestEmailHtmlEscaping" name="test_application_email_escapes_user_input" time="3.136" /><testcase classname="tests.test_security_audit_fixes.TestEmailHtmlEscaping" name="test_contact_email_escapes_user_input" time="1.039" /><testcase classname="tests.test_security_audit_fixes.TestTrackingEnumeration" name="test_unknown_and_wrong_surname_same_message" time="3.475" /><testcase classname="tests.test_security_audit_fixes.TestWaBotSurnameVerification" name="test_status_requires_surname_when_phone_mismatch" time="3.741" /><testcase classname="tests.test_security_audit_fixes.TestRegressionCore" name="test_bundles_products_content" time="0.266" /><testcase classname="tests.test_security_audit_fixes.TestRegressionCore" name="test_normal_application_ok" time="3.391" /><testcase classname="tests.test_security_audit_fixes.TestRegressionCore" name="test_order_esim" time="0.907" /><testcase classname="tests.test_tour_safari" name="test_products_kind_tour" time="0.079" /><testcase classname="tests.test_tour_safari" name="test_products_no_filter_includes_tour" time="0.069" /><testcase classname="tests.test_tour_safari" name="test_pricing_quote_tour_qty2" time="0.120" /><testcase classname="tests.test_tour_safari" name="test_pricing_quote_tour_only_no_bundle_discount" time="0.085" /><testcase classname="tests.test_tour_safari" name="test_tour_requires_date" time="0.050" /><testcase classname="tests.test_tour_safari" name="test_tour_date_must_be_inside_trip" time="0.128" /><testcase classname="tests.test_tour_safari" name="test_tour_invalid_time_rejected" time="0.047" /><testcase classname="tests.test_travel_rules.TestPassport6MonthRule" name="test_expiry_less_than_6_months_after_return_rejected" time="0.084" /><testcase classname="tests.test_travel_rules.TestPassport6MonthRule" name="test_expiry_well_beyond_6_months_passes_rule" time="0.113" /><testcase classname="tests.test_travel_rules.TestMinorAlone" name="test_single_child_alone_rejected" time="0.083" /><testcase classname="tests.test_travel_rules.TestMinorAlone" name="test_child_with_adult_passes_rule" time="0.078" /><testcase classname="tests.test_travel_rules.TestChildVisaAge" name="test_adult_with_child_visa_rejected" time="0.099" /><testcase classname="tests.test_travel_rules.TestStayVsVisaDuration" name="test_30day_visa_with_46_day_stay_rejected" time="0.080" /><testcase classname="tests.test_travel_rules.TestStayVsVisaDuration" name="test_transit48_with_5_day_stay_rejected" time="0.071" /><testcase classname="tests.test_travel_rules.TestStayVsVisaDuration" name="test_9_day_stay_on_30_day_visa_passes_rule" time="0.084" /><testcase classname="tests.test_travel_rules.TestPastArrival" name="test_past_arrival_rejected" time="0.071" /><testcase classname="tests.test_uae_defaults" name="test_create_application_without_uae_fields_autofills" time="3.971" /><testcase classname="tests.test_uae_defaults" name="test_create_application_with_empty_string_uae_fields_autofills" time="1.900" /><testcase classname="tests.test_uae_defaults" name="test_create_application_child_defaults_student" time="2.482" /><testcase classname="tests.test_uae_defaults" name="test_explicit_uae_fields_preserved" time="1.926" /><testcase classname="tests.test_visa_categories" name="test_visa_categories_three_with_new_labels" time="0.137" /><testcase classname="tests.test_visa_categories" name="test_visa_types_categories_and_auto_suggest" time="0.118" /><testcase classname="tests.test_visa_categories" name="test_single_category_has_three_visas" time="0.095" /><testcase classname="tests.test_zami_otp_fix" name="test_auto_renew_no_force_returns_fast_and_guarded" time="0.240" /><testcase classname="tests.test_zami_otp_fix" name="test_zami_session_readiness_reflects_otp_required" time="0.103" /><testcase classname="tests.test_zami_otp_fix" name="test_visa_types" time="0.086" /><testcase classname="tests.test_zami_otp_fix" name="test_content_site_partners_no_24saat" time="0.198" /><testcase classname="tests.test_zami_otp_fix" name="test_admin_login" time="0.000" /><testcase classname="tests.test_zami_otp_fix" name="test_zami_mapping_and_config_endpoints" time="0.478" /><testcase classname="tests.test_zami_session_alerts" name="test_otp_flow_reasons_dont_send_second_email" time="0.000" /><testcase classname="tests.test_zami_session_alerts" name="test_cooldown_blocks_repeat_warning" time="0.004" /><testcase classname="tests.test_zami_session_alerts" name="test_warn_writes_persistent_timestamp" time="0.002" /><testcase classname="tests.test_zami_session_alerts" name="test_trust_only_state_drops_session_cookies" time="0.000" /><testcase classname="tests.test_zami_session_alerts" name="test_trust_only_state_handles_empty_state" time="0.002" /></testsuite></testsuites>