<?xml version="1.0" encoding="utf-8"?><testsuites name="pytest tests"><testsuite name="pytest" errors="0" failures="2" skipped="0" tests="11" time="2.796" timestamp="2026-09-05T18:24:50.052487+00:00" hostname="agent-env-d74c194b-7a54-4124-878e-cf2e4df15423"><testcase classname="tests.test_iteration_86.TestVisitorTracking" name="test_track_visit_browser_ok" time="2.125" /><testcase classname="tests.test_iteration_86.TestAdminVisits" name="test_visits_requires_auth" time="0.181" /><testcase classname="tests.test_iteration_86.TestAdminVisits" name="test_visits_summary_requires_auth" time="0.084" /><testcase classname="tests.test_iteration_86.TestAdminVisits" name="test_visits_list" time="0.078" /><testcase classname="tests.test_iteration_86.TestAdminVisits" name="test_visits_summary" time="0.109" /><testcase classname="tests.test_iteration_86.TestBankTransferAdmin" name="test_get_bank_transfer" time="0.088" /><testcase classname="tests.test_iteration_86.TestBankTransferAdmin" name="test_put_bank_transfer_persists_banks" time="0.176"><failure message="AssertionError: {&quot;detail&quot;:[{&quot;type&quot;:&quot;missing&quot;,&quot;loc&quot;:[&quot;body&quot;,&quot;account_name&quot;],&quot;msg&quot;:&quot;Field required&quot;,&quot;input&quot;:{&quot;recipient_name&quot;:&quot;&quot;,&quot;bank_name&quot;:&quot;Örnek Bank A.Ş.&quot;,&quot;iban&quot;:&quot;TR00 0000 0000 0000 0000 0000 00&quot;,&quot;swift&quot;:&quot;&quot;,&quot;reference_note&quot;:&quot;&quot;,&quot;steps&quot;:[&quot;Başvurunuzu tamamlayın ve referans kodunuzu not alın.&quot;,&quot;Toplam tutarı aşağıdaki hesaba havale/EFT ile gönderin.&quot;,&quot;Açıklamaya referans kodunuzu yazın.&quot;,&quot;Dekontu WhatsApp veya e-posta ile iletin; başvurunuz işleme alınsın.&quot;],&quot;banks&quot;:[{&quot;id&quot;:&quot;isbank&quot;,&quot;name&quot;:&quot;Türkiye İş Bankası A.Ş.&quot;,&quot;logo&quot;:&quot;/brand/banks/isbank.png&quot;,&quot;accounts&quot;:[{&quot;currency&quot;:&quot;TRY&quot;,&quot;iban&quot;:&quot;TR00 0000 0000 0000 0000 0000 00&quot;},{&quot;currency&quot;:&quot;USD&quot;,&quot;iban&quot;:&quot;TR00 0000 0000 0000 0000 0000 01&quot;}]},{&quot;id&quot;:&quot;garanti&quot;,&quot;name&quot;:&quot;Garanti BBVA&quot;,&quot;logo&quot;:&quot;/brand/banks/garanti.png&quot;,&quot;accounts&quot;:[{&quot;currency&quot;:&quot;TRY&quot;,&quot;iban&quot;:&quot;TR00 0000 0000 0000 0000 0000 02&quot;},{&quot;currency&quot;:&quot;USD&quot;,&quot;iban&quot;:&quot;TR00 0000 0000 0000 0000 0000 03&quot;}]},{&quot;id&quot;:&quot;ziraat&quot;,&quot;name&quot;:&quot;T.C. Ziraat Bankası A.Ş.&quot;,&quot;logo&quot;:&quot;/brand/banks/ziraat.png&quot;,&quot;accounts&quot;:[{&quot;currency&quot;:&quot;TRY&quot;,&quot;iban&quot;:&quot;TR00 0000 0000 0000 0000 0000 04&quot;},{&quot;currency&quot;:&quot;USD&quot;,&quot;iban&quot;:&quot;TR00 0000 0000 0000 0000 0000 05&quot;}]}],&quot;notes&quot;:[&quot;Açıklamaya \&quot;Dubai Vizesi\&quot; ve başvuru referans kodunuz yazılmalıdır.&quot;,&quot;TL olarak yapılacak ödemelerde bankanın güncel \&quot;USD banka satış kuru\&quot; baz alınır.&quot;]},&quot;url&quot;:&quot;https://errors.pydantic.dev/2.13/v/missing&quot;}]}&#10;assert 422 == 200&#10; +  where 422 = &lt;Response [422]&gt;.status_code">tests/test_iteration_86.py:128: in test_put_bank_transfer_persists_banks
    assert r2.status_code == 200, r2.text
E   AssertionError: {"detail":[{"type":"missing","loc":["body","account_name"],"msg":"Field required","input":{"recipient_name":"","bank_name":"Örnek Bank A.Ş.","iban":"TR00 0000 0000 0000 0000 0000 00","swift":"","reference_note":"","steps":["Başvurunuzu tamamlayın ve referans kodunuzu not alın.","Toplam tutarı aşağıdaki hesaba havale/EFT ile gönderin.","Açıklamaya referans kodunuzu yazın.","Dekontu WhatsApp veya e-posta ile iletin; başvurunuz işleme alınsın."],"banks":[{"id":"isbank","name":"Türkiye İş Bankası A.Ş.","logo":"/brand/banks/isbank.png","accounts":[{"currency":"TRY","iban":"TR00 0000 0000 0000 0000 0000 00"},{"currency":"USD","iban":"TR00 0000 0000 0000 0000 0000 01"}]},{"id":"garanti","name":"Garanti BBVA","logo":"/brand/banks/garanti.png","accounts":[{"currency":"TRY","iban":"TR00 0000 0000 0000 0000 0000 02"},{"currency":"USD","iban":"TR00 0000 0000 0000 0000 0000 03"}]},{"id":"ziraat","name":"T.C. Ziraat Bankası A.Ş.","logo":"/brand/banks/ziraat.png","accounts":[{"currency":"TRY","iban":"TR00 0000 0000 0000 0000 0000 04"},{"currency":"USD","iban":"TR00 0000 0000 0000 0000 0000 05"}]}],"notes":["Açıklamaya \"Dubai Vizesi\" ve başvuru referans kodunuz yazılmalıdır.","TL olarak yapılacak ödemelerde bankanın güncel \"USD banka satış kuru\" baz alınır."]},"url":"https://errors.pydantic.dev/2.13/v/missing"}]}
E   assert 422 == 200
E    +  where 422 = &lt;Response [422]&gt;.status_code</failure></testcase><testcase classname="tests.test_iteration_86.TestArticles" name="test_articles_have_covers" time="0.177" /><testcase classname="tests.test_iteration_86.TestVisitorTracking" name="test_track_visit_bot_skipped" time="0.096" /><testcase classname="tests.test_iteration_86.TestContent" name="test_site_has_affiliation_and_banks" time="0.098"><failure message="AssertionError: bank isbank missing TRY/USD&#10;assert False&#10; +  where False = &lt;built-in method issubset of set object at 0xf89b38ea9460&gt;(set())&#10; +    where &lt;built-in method issubset of set object at 0xf89b38ea9460&gt; = {'TRY', 'USD'}.issubset">tests/test_iteration_86.py:93: in test_site_has_affiliation_and_banks
    assert {"TRY", "USD"}.issubset(currencies), f"bank {b.get('id')} missing TRY/USD"
E   AssertionError: bank isbank missing TRY/USD
E   assert False
E    +  where False = &lt;built-in method issubset of set object at 0xf89b38ea9460&gt;(set())
E    +    where &lt;built-in method issubset of set object at 0xf89b38ea9460&gt; = {'TRY', 'USD'}.issubset</failure></testcase><testcase classname="tests.test_iteration_86.TestContent" name="test_legal_has_affiliation" time="0.094" /></testsuite></testsuites>