<?xml version="1.0" encoding="utf-8"?><testsuites name="pytest tests"><testsuite name="pytest" errors="0" failures="1" skipped="0" tests="9" time="1.422" timestamp="2026-09-06T18:35:46.958775+00:00" hostname="agent-env-2b6e9e28-d8b5-43c2-8486-5b83857d1b72"><testcase classname="tests.test_iteration_102_family_quote.TestBundlesList" name="test_all_bundles" time="0.264" /><testcase classname="tests.test_iteration_102_family_quote.TestQuoteFamily" name="test_default_2a_1c_no_tour" time="0.317" /><testcase classname="tests.test_iteration_102_family_quote.TestBundlesList" name="test_visa_days_60_filter" time="0.475" /><testcase classname="tests.test_iteration_102_family_quote.TestQuoteFamily" name="test_2a_1c_with_tour" time="0.084" /><testcase classname="tests.test_iteration_102_family_quote.TestQuoteFamily" name="test_3a_2c_with_tour_family_tier_15pct" time="0.111" /><testcase classname="tests.test_iteration_102_family_quote.TestQuoteFamily" name="test_4a_2c_15pct_tier" time="0.214" /><testcase classname="tests.test_iteration_102_family_quote.TestQuoteFamily" name="test_clamping_high_and_low" time="0.188" /><testcase classname="tests.test_iteration_102_family_quote.TestOrderParity" name="test_order_bundle_discount_matches_quote_tour" time="0.074"><failure message="AssertionError: {&quot;detail&quot;:&quot;Çöl Safarisi · Akşam Turu için geçerli bir saat seçmelisiniz.&quot;}&#10;assert 400 == 200&#10; +  where 400 = &lt;Response [400]&gt;.status_code">backend/tests/test_iteration_102_family_quote.py:147: in test_order_bundle_discount_matches_quote_tour
    assert r.status_code == 200, r.text
E   AssertionError: {"detail":"Çöl Safarisi · Akşam Turu için geçerli bir saat seçmelisiniz."}
E   assert 400 == 200
E    +  where 400 = &lt;Response [400]&gt;.status_code</failure></testcase><testcase classname="tests.test_iteration_102_family_quote.TestQuoteFamily" name="test_unknown_bundle_id_404" time="0.110" /></testsuite></testsuites>