<?xml version="1.0" encoding="utf-8"?><testsuites name="pytest tests"><testsuite name="pytest" errors="0" failures="0" skipped="0" tests="8" time="1.319" timestamp="2026-09-04T18:17:57.132857+00:00" hostname="agent-env-b7584eb9-a7d8-4562-b60c-b8a0277a3718"><testcase classname="tests.test_insurance_catalog.TestInsuranceCatalog" name="test_returns_six_insurance_products" time="0.152" /><testcase classname="tests.test_insurance_catalog.TestInsuranceCatalog" name="test_prices_and_currency" time="0.051" /><testcase classname="tests.test_insurance_catalog.TestInsuranceCatalog" name="test_price_equals_price_try_independent_of_fx" time="0.050" /><testcase classname="tests.test_insurance_catalog.TestInsuranceCatalog" name="test_esim_still_uses_usd_to_try" time="0.045" /><testcase classname="tests.test_insurance_catalog.TestInsuranceOrder" name="test_create_order_ins_31d_qty2" time="0.522" /><testcase classname="tests.test_insurance_catalog.TestApplicationStoreItems" name="test_pricing_quote_insurance_only" time="0.099" /><testcase classname="tests.test_insurance_catalog.TestApplicationStoreItems" name="test_pricing_quote_bundle_insurance_plus_esim" time="0.062" /><testcase classname="tests.test_insurance_catalog.TestAdminProductPatch" name="test_patch_price_try_updates_public_endpoint" time="0.266" /></testsuite></testsuites>