<?xml version="1.0" encoding="utf-8"?><testsuites name="pytest tests"><testsuite name="pytest" errors="0" failures="0" skipped="0" tests="9" time="27.526" timestamp="2026-09-05T16:35:18.761946+00:00" hostname="agent-env-d74c194b-7a54-4124-878e-cf2e4df15423"><testcase classname="tests.test_iteration_82" name="test_login_lastname_returns_404" time="0.132" /><testcase classname="tests.test_iteration_82.TestAccountOTPEndToEnd" name="test_full_flow_and_no_code_plain" time="1.536" /><testcase classname="tests.test_iteration_82.TestAccountRateLimits" name="test_same_email_60s_cooldown" time="0.302" /><testcase classname="tests.test_iteration_82.TestAccountRateLimits" name="test_ip_hourly_limit_exceeded" time="9.221" /><testcase classname="tests.test_iteration_82.TestContactEndpoint" name="test_contact_ok_then_ratelimit" time="7.959" /><testcase classname="tests.test_iteration_82.TestZamiScripts" name="test_bookmarklet_js_ok_and_contains_dvoEsc" time="0.032" /><testcase classname="tests.test_iteration_82.TestZamiScripts" name="test_capture_js_ok_and_contains_dvoEsc" time="0.034" /><testcase classname="tests.test_iteration_82.TestAdminOTP" name="test_admin_otp_full" time="6.944" /><testcase classname="tests.test_iteration_82" name="test_applications_accept_new_phone_format" time="1.240" /></testsuite></testsuites>