<?xml version="1.0" encoding="utf-8"?><testsuites name="pytest tests"><testsuite name="pytest" errors="0" failures="0" skipped="0" tests="9" time="4.168" timestamp="2026-09-07T13:43:36.588973+00:00" hostname="agent-env-0bc33a23-c66c-47a6-b7c1-d45cf7e959b6"><testcase classname="tests.test_iteration_112_application_form.TestFormHelpers" name="test_slug_transliterates_turkish" time="0.000" /><testcase classname="tests.test_iteration_112_application_form.TestFormHelpers" name="test_money_avoids_missing_lira_glyph" time="0.000" /><testcase classname="tests.test_iteration_112_application_form.TestFormHelpers" name="test_document_listing_drops_bytes" time="0.000" /><testcase classname="tests.test_iteration_112_application_form.TestFormHelpers" name="test_pdf_is_single_page_and_titled" time="0.037" /><testcase classname="tests.test_iteration_112_application_form.TestApplicationFormEndpoints" name="test_customer_download_with_code_and_lastname" time="3.579" /><testcase classname="tests.test_iteration_112_application_form.TestApplicationFormEndpoints" name="test_wrong_lastname_rejected" time="0.100" /><testcase classname="tests.test_iteration_112_application_form.TestApplicationFormEndpoints" name="test_admin_download_requires_token" time="0.239" /><testcase classname="tests.test_iteration_112_application_form.TestApplicationFormEndpoints" name="test_emails_carry_form_and_documents" time="0.002" /><testcase classname="tests.test_iteration_112_application_form.TestApplicationFormEndpoints" name="test_admin_copy_also_has_attachments" time="0.003" /></testsuite></testsuites>