<?xml version="1.0" encoding="utf-8"?><testsuites name="pytest tests"><testsuite name="pytest" errors="0" failures="0" skipped="0" tests="9" time="0.967" timestamp="2026-09-04T22:23:18.219446+00:00" hostname="agent-env-11840582-15c5-482f-85fd-c318e6cadcfd"><testcase classname="tests.test_travel_rules.TestPassport6MonthRule" name="test_expiry_less_than_6_months_after_return_rejected" time="0.123" /><testcase classname="tests.test_travel_rules.TestStayVsVisaDuration" name="test_30day_visa_with_46_day_stay_rejected" time="0.184" /><testcase classname="tests.test_travel_rules.TestPassport6MonthRule" name="test_expiry_well_beyond_6_months_passes_rule" time="0.213" /><testcase classname="tests.test_travel_rules.TestStayVsVisaDuration" name="test_transit48_with_5_day_stay_rejected" time="0.236" /><testcase classname="tests.test_travel_rules.TestMinorAlone" name="test_single_child_alone_rejected" time="0.095" /><testcase classname="tests.test_travel_rules.TestStayVsVisaDuration" name="test_9_day_stay_on_30_day_visa_passes_rule" time="0.091" /><testcase classname="tests.test_travel_rules.TestMinorAlone" name="test_child_with_adult_passes_rule" time="0.079" /><testcase classname="tests.test_travel_rules.TestChildVisaAge" name="test_adult_with_child_visa_rejected" time="0.072" /><testcase classname="tests.test_travel_rules.TestPastArrival" name="test_past_arrival_rejected" time="0.069" /></testsuite></testsuites>