<?xml version="1.0" encoding="utf-8"?><testsuites name="pytest tests"><testsuite name="pytest" errors="0" failures="1" skipped="0" tests="12" time="9.516" timestamp="2026-09-06T20:09:14.655208+00:00" hostname="agent-env-2b6e9e28-d8b5-43c2-8486-5b83857d1b72"><testcase classname="tests.test_security_audit_fixes.TestRegressionCore" name="test_bundles_products_content" time="0.531"><failure message="AssertionError: pack_family missing: dict_keys(['id', 'name', 'tagline', 'visa_days', 'popular', 'visa', 'insurance', 'esim', 'tour', 'list_total', 'discount', 'price', 'quantities', 'family', 'total_with_visa', 'currency'])&#10;assert False&#10; +  where False = any(&lt;generator object TestRegressionCore.test_bundles_products_content.&lt;locals&gt;.&lt;genexpr&gt; at 0xfc1bfa631700&gt;)">tests/test_security_audit_fixes.py:374: in test_bundles_products_content
    assert any("pack_family" in i for i in items), f"pack_family missing: {items[0].keys() if items else data}"
E   AssertionError: pack_family missing: dict_keys(['id', 'name', 'tagline', 'visa_days', 'popular', 'visa', 'insurance', 'esim', 'tour', 'list_total', 'discount', 'price', 'quantities', 'family', 'total_with_visa', 'currency'])
E   assert False
E    +  where False = any(&lt;generator object TestRegressionCore.test_bundles_products_content.&lt;locals&gt;.&lt;genexpr&gt; at 0xfc1bfa631700&gt;)</failure></testcase><testcase classname="tests.test_security_audit_fixes.TestWebhookSignature" name="test_verify_get_ok_with_correct_token" time="0.272" /><testcase classname="tests.test_security_audit_fixes.TestWebhookSignature" name="test_verify_get_wrong_token_403" time="0.071" /><testcase classname="tests.test_security_audit_fixes.TestWebhookSignature" name="test_post_without_signature_returns_403_and_no_side_effects" time="1.141" /><testcase classname="tests.test_security_audit_fixes.TestRegressionCore" name="test_normal_application_ok" time="3.100" /><testcase classname="tests.test_security_audit_fixes.TestWebhookSignature" name="test_post_with_bogus_signature_returns_403" time="0.141" /><testcase classname="tests.test_security_audit_fixes.TestEmailHtmlEscaping" name="test_application_email_escapes_user_input" time="2.521" /><testcase classname="tests.test_security_audit_fixes.TestRegressionCore" name="test_order_esim" time="0.829" /><testcase classname="tests.test_security_audit_fixes.TestEmailHtmlEscaping" name="test_contact_email_escapes_user_input" time="0.917" /><testcase classname="tests.test_security_audit_fixes.TestAdminOtpNoPlaintext" name="test_request_code_stores_only_hash_and_subject_hides_code" time="0.937" /><testcase classname="tests.test_security_audit_fixes.TestTrackingEnumeration" name="test_unknown_and_wrong_surname_same_message" time="3.488" /><testcase classname="tests.test_security_audit_fixes.TestWaBotSurnameVerification" name="test_status_requires_surname_when_phone_mismatch" time="3.235" /></testsuite></testsuites>