<?xml version="1.0" encoding="utf-8"?><testsuites name="pytest tests"><testsuite name="pytest" errors="0" failures="0" skipped="0" tests="6" time="4.145" timestamp="2026-09-07T09:47:23.994179+00:00" hostname="agent-env-2b6e9e28-d8b5-43c2-8486-5b83857d1b72"><testcase classname="tests.test_iteration_109_retention" name="test_delete_object_wipes_content_when_delete_forbidden" time="1.306" /><testcase classname="tests.test_iteration_109_retention" name="test_purge_tombstones_and_bogus_path_is_safe" time="1.902" /><testcase classname="tests.test_iteration_109_retention" name="test_error_logging_wording_present" time="0.000" /><testcase classname="tests.test_iteration_109_retention" name="test_fresh_upload_download_after_purge" time="0.690" /><testcase classname="tests.test_iteration_109_retention.TestLightRegression" name="test_content_site" time="0.076" /><testcase classname="tests.test_iteration_109_retention.TestLightRegression" name="test_applications_post_valid_adult" time="0.097" /></testsuite></testsuites>