<?xml version="1.0" encoding="utf-8"?><testsuites name="pytest tests"><testsuite name="pytest" errors="0" failures="0" skipped="0" tests="3" time="0.594" timestamp="2026-09-05T08:28:53.255465+00:00" hostname="agent-env-11840582-15c5-482f-85fd-c318e6cadcfd"><testcase classname="tests.test_visa_categories" name="test_visa_categories_three_with_new_labels" time="0.115" /><testcase classname="tests.test_visa_categories" name="test_visa_types_categories_and_auto_suggest" time="0.072" /><testcase classname="tests.test_visa_categories" name="test_single_category_has_four_visas" time="0.089" /></testsuite></testsuites>