<?xml version="1.0" encoding="utf-8"?><testsuites name="pytest tests"><testsuite name="pytest" errors="0" failures="1" skipped="1" tests="11" time="2.640" timestamp="2026-09-05T21:16:34.407282+00:00" hostname="agent-env-d74c194b-7a54-4124-878e-cf2e4df15423"><testcase classname="tests.test_iteration_91" name="test_public_content_site" time="0.119" /><testcase classname="tests.test_iteration_91" name="test_public_products" time="0.034" /><testcase classname="tests.test_iteration_91" name="test_public_bundles" time="0.030" /><testcase classname="tests.test_iteration_91" name="test_file_access_without_token" time="0.389" /><testcase classname="tests.test_iteration_91" name="test_file_access_with_signed_token" time="0.308" /><testcase classname="tests.test_iteration_91" name="test_file_access_tampered_token" time="0.071" /><testcase classname="tests.test_iteration_91" name="test_file_access_cross_token" time="0.396" /><testcase classname="tests.test_iteration_91" name="test_file_access_with_admin_bearer" time="0.332" /><testcase classname="tests.test_iteration_91" name="test_admin_request_code_and_verify" time="0.352" /><testcase classname="tests.test_iteration_91" name="test_admin_applications_list_has_signed_urls" time="0.074"><failure message="AssertionError: {&quot;detail&quot;:&quot;Basvuru bulunamadi.&quot;}&#10;assert 404 == 200&#10; +  where 404 = &lt;Response [404]&gt;.status_code">tests/test_iteration_91.py:198: in test_admin_applications_list_has_signed_urls
    assert r2.status_code == 200, r2.text
E   AssertionError: {"detail":"Basvuru bulunamadi."}
E   assert 404 == 200
E    +  where 404 = &lt;Response [404]&gt;.status_code</failure></testcase><testcase classname="tests.test_iteration_91" name="test_create_application_regression" time="0.028"><skipped type="pytest.skip" message="create application schema mismatch: 422 {&quot;detail&quot;:[{&quot;type&quot;:&quot;missing&quot;,&quot;loc&quot;:[&quot;body&quot;,&quot;contact&quot;,&quot;full_name&quot;],&quot;msg&quot;:&quot;Field required&quot;,&quot;input&quot;:{&quot;email&quot;:&quot;delivered@resend.dev&quot;,&quot;phone&quot;:&quot;+905325882630&quot;},&quot;url&quot;:&quot;https://errors.pydantic.dev/2.13/v/miss">/app/backend/tests/test_iteration_91.py:241: create application schema mismatch: 422 {"detail":[{"type":"missing","loc":["body","contact","full_name"],"msg":"Field required","input":{"email":"delivered@resend.dev","phone":"+905325882630"},"url":"https://errors.pydantic.dev/2.13/v/miss</skipped></testcase></testsuite></testsuites>