<?xml version="1.0" encoding="utf-8"?><testsuites name="pytest tests"><testsuite name="pytest" errors="0" failures="0" skipped="0" tests="6" time="1.634" timestamp="2026-09-06T18:19:23.874710+00:00" hostname="agent-env-2b6e9e28-d8b5-43c2-8486-5b83857d1b72"><testcase classname="tests.test_iteration_101_family_bundle.TestOrderMultiQty" name="test_products_available" time="0.258" /><testcase classname="tests.test_iteration_101_family_bundle.TestOrderMultiQty" name="test_bank_transfer_family_extras_order" time="0.886" /><testcase classname="tests.test_iteration_101_family_bundle.TestFamilyBundle" name="test_bundle_count_and_family" time="0.307" /><testcase classname="tests.test_iteration_101_family_bundle.TestFamilyBundle" name="test_family_details" time="0.000" /><testcase classname="tests.test_iteration_101_family_bundle.TestFamilyBundle" name="test_pack_standard_unchanged" time="0.000" /><testcase classname="tests.test_iteration_101_family_bundle.TestBundleFilter" name="test_visa_days_60" time="0.099" /></testsuite></testsuites>