<?xml version="1.0" encoding="utf-8"?><testsuites name="pytest tests"><testsuite name="pytest" errors="0" failures="0" skipped="0" tests="65" time="7.768" timestamp="2026-09-05T11:36:52.592137+00:00" hostname="agent-env-11840582-15c5-482f-85fd-c318e6cadcfd"><testcase classname="tests.test_emailer" name="test_send_email_marketing_kind_has_all_deliverability_fields" time="0.002" /><testcase classname="tests.test_insurance_automation" name="test_insurance_products" time="0.113" /><testcase classname="tests.test_emailer" name="test_send_email_transactional_kind_has_no_list_unsubscribe" time="0.001" /><testcase classname="tests.test_emailer" name="test_html_to_text_strips_tags_and_entities" time="0.000" /><testcase classname="tests.test_emailer" name="test_html_to_text_real_template_turkish" time="0.000" /><testcase classname="tests.test_emailer" name="test_warning_logged_for_resend_dev_sender" time="0.001" /><testcase classname="tests.test_emailer" name="test_send_email_skipped_when_placeholder_key" time="0.001" /><testcase classname="tests.test_emailer" name="test_send_email_error_status_when_resend_raises" time="0.001" /><testcase classname="tests.test_tour_safari" name="test_products_kind_tour" time="0.099" /><testcase classname="tests.test_tour_safari" name="test_products_no_filter_includes_tour" time="0.036" /><testcase classname="tests.test_insurance_automation" name="test_insurance_report" time="0.125" /><testcase classname="tests.test_tour_safari" name="test_pricing_quote_tour_qty2" time="0.074" /><testcase classname="tests.test_tour_safari" name="test_pricing_quote_tour_only_no_bundle_discount" time="0.075" /><testcase classname="tests.test_insurance_automation" name="test_update_product_recomputes_margin" time="0.250" /><testcase classname="tests.test_tour_safari" name="test_tour_requires_date" time="0.075" /><testcase classname="tests.test_tour_safari" name="test_tour_date_must_be_inside_trip" time="0.149" /><testcase classname="tests.test_tour_safari" name="test_tour_invalid_time_falls_back_to_first_slot" time="0.034" /><testcase classname="tests.test_zami_otp_fix" name="test_auto_renew_no_force_returns_fast_and_guarded" time="0.291" /><testcase classname="tests.test_zami_otp_fix" name="test_zami_session_readiness_reflects_otp_required" time="0.180" /><testcase classname="tests.test_zami_otp_fix" name="test_visa_types" time="0.079" /><testcase classname="tests.test_zami_otp_fix" name="test_content_site_partners_no_24saat" time="0.148" /><testcase classname="tests.test_zami_otp_fix" name="test_admin_login" time="0.107" /><testcase classname="tests.test_zami_otp_fix" name="test_zami_mapping_and_config_endpoints" time="0.198" /><testcase classname="tests.test_insurance_catalog.TestInsuranceCatalog" name="test_returns_six_insurance_products" time="0.074" /><testcase classname="tests.test_insurance_catalog.TestInsuranceCatalog" name="test_prices_and_currency" time="0.035" /><testcase classname="tests.test_insurance_catalog.TestInsuranceCatalog" name="test_price_equals_price_try_independent_of_fx" time="0.037" /><testcase classname="tests.test_insurance_catalog.TestInsuranceCatalog" name="test_esim_still_uses_usd_to_try" time="0.032" /><testcase classname="tests.test_insurance_automation" name="test_task_created_on_paid" time="1.331" /><testcase classname="tests.test_insurance_automation" name="test_paid_idempotent" time="1.002" /><testcase classname="tests.test_insurance_automation" name="test_pending_email_and_notification" time="0.041" /><testcase classname="tests.test_insurance_automation" name="test_issue_policy" time="1.161" /><testcase classname="tests.test_uae_defaults" name="test_create_application_without_uae_fields_autofills" time="2.142" /><testcase classname="tests.test_uae_defaults" name="test_create_application_with_empty_string_uae_fields_autofills" time="0.423" /><testcase classname="tests.test_insurance_automation" name="test_esim_only_no_task" time="0.830" /><testcase classname="tests.test_uae_defaults" name="test_create_application_child_defaults_student" time="0.416" /><testcase classname="tests.test_uae_defaults" name="test_explicit_uae_fields_preserved" time="0.476" /><testcase classname="tests.test_bundles.TestBundles" name="test_all_bundles" time="0.073" /><testcase classname="tests.test_bundles.TestBundles" name="test_visa_30_bundles" time="0.128" /><testcase classname="tests.test_bundles.TestBundles" name="test_visa_60_bundles" time="0.034" /><testcase classname="tests.test_travel_rules.TestStayVsVisaDuration" name="test_30day_visa_with_46_day_stay_rejected" time="0.110" /><testcase classname="tests.test_iteration_48.TestAdminAuth" name="test_login_success" time="0.074" /><testcase classname="tests.test_travel_rules.TestStayVsVisaDuration" name="test_transit48_with_5_day_stay_rejected" time="0.089" /><testcase classname="tests.test_iteration_48.TestAdminAuth" name="test_old_admin_email_rejected" time="0.077" /><testcase classname="tests.test_travel_rules.TestStayVsVisaDuration" name="test_9_day_stay_on_30_day_visa_passes_rule" time="0.110" /><testcase classname="tests.test_iteration_48.TestAdminAuth" name="test_wrong_password_rejected" time="0.030" /><testcase classname="tests.test_visa_categories" name="test_visa_categories_three_with_new_labels" time="0.086" /><testcase classname="tests.test_visa_categories" name="test_visa_types_categories_and_auto_suggest" time="0.070" /><testcase classname="tests.test_insurance_catalog.TestApplicationStoreItems" name="test_pricing_quote_insurance_only" time="0.180" /><testcase classname="tests.test_visa_categories" name="test_single_category_has_four_visas" time="0.131" /><testcase classname="tests.test_insurance_catalog.TestApplicationStoreItems" name="test_pricing_quote_bundle_insurance_plus_esim" time="0.079" /><testcase classname="tests.test_iteration_48.TestContent" name="test_express_addon" time="0.075" /><testcase classname="tests.test_iteration_48.TestContent" name="test_company_has_social_links" time="0.033" /><testcase classname="tests.test_travel_rules.TestPassport6MonthRule" name="test_expiry_less_than_6_months_after_return_rejected" time="0.092" /><testcase classname="tests.test_iteration_48.TestAdminCompany" name="test_get_company" time="0.146" /><testcase classname="tests.test_iteration_48.TestAdminCompany" name="test_put_company_persists_socials_and_whatsapp" time="0.399" /><testcase classname="tests.test_travel_rules.TestPassport6MonthRule" name="test_expiry_well_beyond_6_months_passes_rule" time="0.087" /><testcase classname="tests.test_bundles.TestOrderBundleDiscount" name="test_pack_standard_order_price_matches_bundle" time="0.592" /><testcase classname="tests.test_travel_rules.TestMinorAlone" name="test_single_child_alone_rejected" time="0.101" /><testcase classname="tests.test_travel_rules.TestMinorAlone" name="test_child_with_adult_passes_rule" time="0.103" /><testcase classname="tests.test_insurance_catalog.TestInsuranceOrder" name="test_create_order_ins_30d_qty2" time="0.526" /><testcase classname="tests.test_iteration_48.TestVisaPrices" name="test_visa_types_usd_and_try" time="0.133" /><testcase classname="tests.test_iteration_48.TestQuote" name="test_two_adults_30day_single_express" time="0.043" /><testcase classname="tests.test_travel_rules.TestChildVisaAge" name="test_adult_with_child_visa_rejected" time="0.133" /><testcase classname="tests.test_insurance_catalog.TestAdminProductPatch" name="test_patch_price_try_updates_public_endpoint" time="0.188" /><testcase classname="tests.test_travel_rules.TestPastArrival" name="test_past_arrival_rejected" time="0.078" /></testsuite></testsuites>