<?xml version="1.0" encoding="utf-8"?><testsuites name="pytest tests"><testsuite name="pytest" errors="0" failures="1" skipped="0" tests="7" time="11.342" timestamp="2026-09-05T16:58:40.901040+00:00" hostname="agent-env-d74c194b-7a54-4124-878e-cf2e4df15423"><testcase classname="tests.test_iteration_83.TestPhotoBackground" name="test_dark_background_photo_is_rejected" time="5.498" /><testcase classname="tests.test_iteration_83.TestPhotoBackground" name="test_white_background_photo_is_accepted" time="3.505"><failure message="AssertionError: assert 'background_ok' not in ((['background_ok', 'single_person', 'face_clear', 'no_obstruction']))&#10; +  where ['background_ok', 'single_person', 'face_clear', 'no_obstruction'] = &lt;built-in method get of dict object at 0xfa5b8b7c1680&gt;('failed')&#10; +    where &lt;built-in method get of dict object at 0xfa5b8b7c1680&gt; = {'checked': True, 'message': 'Bu goruntu vesikalik fotograf gibi gorunmuyor. Lutfen yuzunuzun net gorundugu bir portre yukleyin.', 'ok': False, 'is_photo': False, ...}.get">backend/tests/test_iteration_83.py:90: in test_white_background_photo_is_accepted
    assert "background_ok" not in (body.get("failed") or [])
E   AssertionError: assert 'background_ok' not in ((['background_ok', 'single_person', 'face_clear', 'no_obstruction']))
E    +  where ['background_ok', 'single_person', 'face_clear', 'no_obstruction'] = &lt;built-in method get of dict object at 0xfa5b8b7c1680&gt;('failed')
E    +    where &lt;built-in method get of dict object at 0xfa5b8b7c1680&gt; = {'checked': True, 'message': 'Bu goruntu vesikalik fotograf gibi gorunmuyor. Lutfen yuzunuzun net gorundugu bir portre yukleyin.', 'ok': False, 'is_photo': False, ...}.get</failure></testcase><testcase classname="tests.test_iteration_83.TestContactAndUploadRegression" name="test_contact_ok" time="0.241" /><testcase classname="tests.test_iteration_83.TestContactAndUploadRegression" name="test_uploads_ok" time="0.309" /><testcase classname="tests.test_iteration_83.TestApplicationCreate" name="test_create_application_with_plus90_phone" time="0.985" /><testcase classname="tests.test_iteration_83.TestOTPRegression" name="test_admin_otp_still_works" time="0.410" /><testcase classname="tests.test_iteration_83.TestOTPRegression" name="test_customer_otp_request" time="0.306" /></testsuite></testsuites>