<?xml version="1.0" encoding="utf-8"?><testsuites name="pytest tests"><testsuite name="pytest" errors="0" failures="0" skipped="0" tests="7" time="0.375" timestamp="2026-09-05T07:02:34.109724+00:00" hostname="agent-env-11840582-15c5-482f-85fd-c318e6cadcfd"><testcase classname="tests.test_emailer" name="test_send_email_marketing_kind_has_all_deliverability_fields" time="0.002" /><testcase classname="tests.test_emailer" name="test_send_email_transactional_kind_has_no_list_unsubscribe" time="0.001" /><testcase classname="tests.test_emailer" name="test_html_to_text_strips_tags_and_entities" time="0.000" /><testcase classname="tests.test_emailer" name="test_html_to_text_real_template_turkish" time="0.000" /><testcase classname="tests.test_emailer" name="test_warning_logged_for_resend_dev_sender" time="0.001" /><testcase classname="tests.test_emailer" name="test_send_email_skipped_when_placeholder_key" time="0.000" /><testcase classname="tests.test_emailer" name="test_send_email_error_status_when_resend_raises" time="0.001" /></testsuite></testsuites>