<?xml version="1.0" encoding="utf-8"?><testsuites name="pytest tests"><testsuite name="pytest" errors="0" failures="2" skipped="0" tests="15" time="2.419" timestamp="2026-09-05T15:13:06.577642+00:00" hostname="agent-env-11840582-15c5-482f-85fd-c318e6cadcfd"><testcase classname="tests.test_iteration_79.TestTransitRemoved" name="test_visa_types_no_transit" time="0.261" /><testcase classname="tests.test_zami_session_alerts" name="test_otp_flow_reasons_dont_send_second_email" time="0.001" /><testcase classname="tests.test_zami_session_alerts" name="test_cooldown_blocks_repeat_warning" time="0.007" /><testcase classname="tests.test_zami_session_alerts" name="test_warn_writes_persistent_timestamp" time="0.003" /><testcase classname="tests.test_zami_session_alerts" name="test_trust_only_state_drops_session_cookies" time="0.000" /><testcase classname="tests.test_zami_session_alerts" name="test_trust_only_state_handles_empty_state" time="0.000" /><testcase classname="tests.test_iteration_79.TestVipSafari" name="test_both_safaris_listed" time="0.231" /><testcase classname="tests.test_iteration_79.TestVipSafari" name="test_vip_order_with_schedule_succeeds" time="1.056"><failure message="AssertionError: BUG: scheduled_date not persisted (got None). POST /api/orders ignores schedule fields entirely — OrderItemIn has no scheduled_* fields and _build_order_line does not call _tour_schedule.&#10;assert None == '2026-09-19'&#10; +  where None = &lt;built-in method get of dict object at 0xfc489d25cdc0&gt;('scheduled_date')&#10; +    where &lt;built-in method get of dict object at 0xfc489d25cdc0&gt; = {'product_id': 'tour_desert_safari_vip', 'kind': 'tour', 'name': 'Çöl Safarisi · VIP Akşam Turu', 'quantity': 1, ...}.get">tests/test_iteration_79.py:181: in test_vip_order_with_schedule_succeeds
    assert item.get("scheduled_date") == picked_date, (
E   AssertionError: BUG: scheduled_date not persisted (got None). POST /api/orders ignores schedule fields entirely — OrderItemIn has no scheduled_* fields and _build_order_line does not call _tour_schedule.
E   assert None == '2026-09-19'
E    +  where None = &lt;built-in method get of dict object at 0xfc489d25cdc0&gt;('scheduled_date')
E    +    where &lt;built-in method get of dict object at 0xfc489d25cdc0&gt; = {'product_id': 'tour_desert_safari_vip', 'kind': 'tour', 'name': 'Çöl Safarisi · VIP Akşam Turu', 'quantity': 1, ...}.get</failure></testcase><testcase classname="tests.test_iteration_79.TestTransitRemoved" name="test_visa_guides_no_transit" time="0.057" /><testcase classname="tests.test_iteration_79.TestTransitRemoved" name="test_visa_guide_transit_returns_404" time="0.074" /><testcase classname="tests.test_iteration_79.TestTransitRemoved" name="test_application_with_transit_visa_rejected" time="0.780" /><testcase classname="tests.test_iteration_79.TestVipSafari" name="test_vip_order_without_schedule_is_rejected" time="0.425"><failure message="AssertionError: BUG: order without schedule was accepted (status 200). Both tour_desert_safari and tour_desert_safari_vip carry needs_schedule=True but /api/orders does not enforce it. Only application flow (routes_public._tour_schedule) validates schedule. Fix: extend OrderItemIn with scheduled_date/scheduled_time and call _tour_schedule from routes_store._build_order_line.&#10;assert 200 &gt;= 400&#10; +  where 200 = &lt;Response [200]&gt;.status_code">tests/test_iteration_79.py:202: in test_vip_order_without_schedule_is_rejected
    assert r.status_code &gt;= 400, (
E   AssertionError: BUG: order without schedule was accepted (status 200). Both tour_desert_safari and tour_desert_safari_vip carry needs_schedule=True but /api/orders does not enforce it. Only application flow (routes_public._tour_schedule) validates schedule. Fix: extend OrderItemIn with scheduled_date/scheduled_time and call _tour_schedule from routes_store._build_order_line.
E   assert 200 &gt;= 400
E    +  where 200 = &lt;Response [200]&gt;.status_code</failure></testcase><testcase classname="tests.test_iteration_79.TestRegression" name="test_products_all" time="0.063" /><testcase classname="tests.test_iteration_79.TestRegression" name="test_bundles" time="0.032" /><testcase classname="tests.test_iteration_79.TestRegression" name="test_admin_login" time="0.077" /></testsuite></testsuites>