<?xml version="1.0" encoding="utf-8"?><testsuites name="pytest tests"><testsuite name="pytest" errors="0" failures="2" skipped="0" tests="4" time="0.840" timestamp="2026-09-05T08:18:13.080725+00:00" hostname="agent-env-11840582-15c5-482f-85fd-c318e6cadcfd"><testcase classname="tests.test_tour_safari" name="test_products_kind_tour" time="0.251"><failure message="assert (False)&#10; +  where False = isinstance({'items': [{'id': 'tour_desert_safari', 'kind': 'tour', 'name': 'Çöl Safarisi · Akşam Turu', 'summary': '4x4 araçlarla kumul turu, deve gezisi, kum sörfü ve geleneksel Arap kampında açık büfe akşam yemeği.', ...}], 'fx': {'base_rate': 48.4445, 'manual_rate': None, 'margin_pct': 2.0, 'effective_rate': 49.4134, ...}, 'bundle': {'rate': 0.1, 'title': 'Seyahat paketi indirimi', 'badge': 'Sigorta + eSIM = %10 indirim', 'note': &quot;Sigorta ve eSIM'i birlikte alın, %10 indirim otomatik uygulanır.&quot;, ...}}, list)">backend/tests/test_tour_safari.py:21: in test_products_kind_tour
    assert isinstance(items, list) and len(items) == 1
E   assert (False)
E    +  where False = isinstance({'items': [{'id': 'tour_desert_safari', 'kind': 'tour', 'name': 'Çöl Safarisi · Akşam Turu', 'summary': '4x4 araçlarla kumul turu, deve gezisi, kum sörfü ve geleneksel Arap kampında açık büfe akşam yemeği.', ...}], 'fx': {'base_rate': 48.4445, 'manual_rate': None, 'margin_pct': 2.0, 'effective_rate': 49.4134, ...}, 'bundle': {'rate': 0.1, 'title': 'Seyahat paketi indirimi', 'badge': 'Sigorta + eSIM = %10 indirim', 'note': "Sigorta ve eSIM'i birlikte alın, %10 indirim otomatik uygulanır.", ...}}, list)</failure></testcase><testcase classname="tests.test_tour_safari" name="test_products_no_filter_includes_tour" time="0.047"><failure message="TypeError: string indices must be integers, not 'str'">backend/tests/test_tour_safari.py:37: in test_products_no_filter_includes_tour
    ids = {i["id"] for i in items}
          ^^^^^^^^^^^^^^^^^^^^^^^^
backend/tests/test_tour_safari.py:37: in &lt;setcomp&gt;
    ids = {i["id"] for i in items}
           ^^^^^^^
E   TypeError: string indices must be integers, not 'str'</failure></testcase><testcase classname="tests.test_tour_safari" name="test_pricing_quote_tour_qty2" time="0.148" /><testcase classname="tests.test_tour_safari" name="test_pricing_quote_tour_only_no_bundle_discount" time="0.030" /></testsuite></testsuites>