<?xml version="1.0" encoding="utf-8"?><testsuites name="pytest tests"><testsuite name="pytest" errors="0" failures="0" skipped="0" tests="4" time="3.171" timestamp="2026-09-04T14:47:43.087815+00:00" hostname="agent-env-b7584eb9-a7d8-4562-b60c-b8a0277a3718"><testcase classname="tests.test_uae_defaults" name="test_create_application_without_uae_fields_autofills" time="1.635" /><testcase classname="tests.test_uae_defaults" name="test_create_application_with_empty_string_uae_fields_autofills" time="0.402" /><testcase classname="tests.test_uae_defaults" name="test_create_application_child_defaults_student" time="0.425" /><testcase classname="tests.test_uae_defaults" name="test_explicit_uae_fields_preserved" time="0.396" /></testsuite></testsuites>